1444-05-02 14:49:44 +0000  Initial pipeline context: <IDEDistributionProcessingPipelineContext: 0x7fecb6ec0a40; archive(resolved)="<IDEArchive: 0x7fecc77b9f10>", distributionTask(resolved)="2", distributionDestination(resolved)="1", distributionMethod(resolved)="<IDEDistributionMethodDevelopmentSigned: 0x7fecc6c551b0>", team(resolved)="<IDEProvisioningDisambiguatableBasicTeam: 0x7fece02ca1e0; teamID='696PA32759', teamName='TECHNADO (PRIVATE) LIMITED', teamType='Company', username='hassan.naeem@binatedigital.com', isFreeProvisioningTeam='0'>">
	Chain (14, self inclusive):
	<IDEDistributionProcessingPipelineContext: 0x7fecb6ec0a40; archive = "<IDEArchive: 0x7fecc77b9f10>", distributionMethod="<IDEDistributionMethodDevelopmentSigned: 0x7fecc6c551b0>", team="<IDEProvisioningDisambiguatableBasicTeam: 0x7fece02ca1e0; teamID='696PA32759', teamName='TECHNADO (PRIVATE) LIMITED', teamType='Company', username='hassan.naeem@binatedigital.com', isFreeProvisioningTeam='0'>">
	<IDEDistributionProcessingPipelineContext: 0x7fecb760f790; archive = "<IDEArchive: 0x7fecc77b9f10>", distributionMethod="<IDEDistributionMethodDevelopmentSigned: 0x7fecc6c551b0>", team="<IDEProvisioningDisambiguatableBasicTeam: 0x7fece02ca1e0; teamID='696PA32759', teamName='TECHNADO (PRIVATE) LIMITED', teamType='Company', username='hassan.naeem@binatedigital.com', isFreeProvisioningTeam='0'>">
	<IDEDistributionContext: 0x7fecb80b5950; archive = "<IDEArchive: 0x7fecc77b9f10>", distributionMethod="<IDEDistributionMethodDevelopmentSigned: 0x7fecc6c551b0>", team="<IDEProvisioningDisambiguatableBasicTeam: 0x7fece02ca1e0; teamID='696PA32759', teamName='TECHNADO (PRIVATE) LIMITED', teamType='Company', username='hassan.naeem@binatedigital.com', isFreeProvisioningTeam='0'>">
	<IDEDistributionContext: 0x7fecb70fd950; archive = "<IDEArchive: 0x7fecc77b9f10>", distributionMethod="<IDEDistributionMethodDevelopmentSigned: 0x7fecc6c551b0>", team="<IDEProvisioningDisambiguatableBasicTeam: 0x7fece02ca1e0; teamID='696PA32759', teamName='TECHNADO (PRIVATE) LIMITED', teamType='Company', username='hassan.naeem@binatedigital.com', isFreeProvisioningTeam='0'>">
	<IDEDistributionContext: 0x7fecb7cac8e0; archive = "<IDEArchive: 0x7fecc77b9f10>", distributionMethod="<IDEDistributionMethodDevelopmentSigned: 0x7fecc6c551b0>", team="<IDEProvisioningDisambiguatableBasicTeam: 0x7fece02ca1e0; teamID='696PA32759', teamName='TECHNADO (PRIVATE) LIMITED', teamType='Company', username='hassan.naeem@binatedigital.com', isFreeProvisioningTeam='0'>">
	<IDEDistributionContext: 0x7fecb7ce95c0; archive = "<IDEArchive: 0x7fecc77b9f10>", distributionMethod="<IDEDistributionMethodDevelopmentSigned: 0x7fecc6c551b0>", team="<IDEProvisioningDisambiguatableBasicTeam: 0x7fece02ca1e0; teamID='696PA32759', teamName='TECHNADO (PRIVATE) LIMITED', teamType='Company', username='hassan.naeem@binatedigital.com', isFreeProvisioningTeam='0'>">
	<IDEDistributionContext: 0x7fecb7e76290; archive = "<IDEArchive: 0x7fecc77b9f10>", distributionMethod="<IDEDistributionMethodDevelopmentSigned: 0x7fecc6c551b0>", team="<IDEProvisioningDisambiguatableBasicTeam: 0x7fece02ca1e0; teamID='696PA32759', teamName='TECHNADO (PRIVATE) LIMITED', teamType='Company', username='hassan.naeem@binatedigital.com', isFreeProvisioningTeam='0'>">
	<IDEDistributionContext: 0x7fecb6ff0170; archive = "<IDEArchive: 0x7fecc77b9f10>", distributionMethod="<IDEDistributionMethodDevelopmentSigned: 0x7fecc6c551b0>", team="<IDEProvisioningDisambiguatableBasicTeam: 0x7fece02ca1e0; teamID='696PA32759', teamName='TECHNADO (PRIVATE) LIMITED', teamType='Company', username='hassan.naeem@binatedigital.com', isFreeProvisioningTeam='0'>">
	<IDEDistributionContext: 0x7fecb7ccb060; archive = "<IDEArchive: 0x7fecc77b9f10>", distributionMethod="<IDEDistributionMethodDevelopmentSigned: 0x7fecc6c551b0>", team="<IDEProvisioningDisambiguatableBasicTeam: 0x7fece02ca1e0; teamID='696PA32759', teamName='TECHNADO (PRIVATE) LIMITED', teamType='Company', username='hassan.naeem@binatedigital.com', isFreeProvisioningTeam='0'>">
	<IDEDistributionContext: 0x7fecb6fc09f0; archive = "<IDEArchive: 0x7fecc77b9f10>", distributionMethod="<IDEDistributionMethodDevelopmentSigned: 0x7fecc6c551b0>", team="(null)">
	<IDEDistributionContext: 0x7fecb6edc710; archive = "<IDEArchive: 0x7fecc77b9f10>", distributionMethod="<IDEDistributionMethodDevelopmentSigned: 0x7fecc6c551b0>", team="(null)">
	<IDEDistributionContext: 0x7fecb76d49b0; archive = "<IDEArchive: 0x7fecc77b9f10>", distributionMethod="<IDEDistributionMethodDevelopmentSigned: 0x7fecc6c551b0>", team="(null)">
	<IDEDistributionContext: 0x7fecb7113570; archive = "<IDEArchive: 0x7fecc77b9f10>", distributionMethod="<IDEDistributionMethodDevelopmentSigned: 0x7fecc6c551b0>", team="(null)">
	<IDEDistributionContext: 0x7fecb6ea0950; archive = "<IDEArchive: 0x7fecc77b9f10>", distributionMethod="(null)", team="(null)">
</IDEDistributionProcessingPipelineContext: 0x7fecb6ec0a40>
1444-05-02 14:49:44 +0000  Processing step: IDEDistributionCreateDestRootStep
1444-05-02 14:49:44 +0000  Processing step: IDEDistributionCopyItemStep
1444-05-02 14:49:44 +0000  Running /usr/bin/ditto '-V' '/Users/muhammadhassannaeem/Library/Developer/Xcode/Archives/1444-05-02/sneakersUri 02-05-1444 AH, 7.49 PM.xcarchive/Products/Applications/sneakersUri.app' '/var/folders/gh/4qn86l115870rx3nydjgp_rr0000gp/T/XcodeDistPipeline.~~~Fg28Eh/Root/Payload/sneakersUri.app'
1444-05-02 14:49:44 +0000  >>> Copying /Users/muhammadhassannaeem/Library/Developer/Xcode/Archives/1444-05-02/sneakersUri 02-05-1444 AH, 7.49 PM.xcarchive/Products/Applications/sneakersUri.app 
1444-05-02 14:49:44 +0000  copying file ./_CodeSignature/CodeResources ... 
1444-05-02 14:49:44 +0000  52891 bytes for ./_CodeSignature/CodeResources
copying file ./Fontisto.ttf ... 
1444-05-02 14:49:44 +0000  313528 bytes for ./Fontisto.ttf
copying file ./Octicons.ttf ... 
1444-05-02 14:49:44 +0000  49404 bytes for ./Octicons.ttf
1444-05-02 14:49:44 +0000  copying file ./Feather.ttf ... 
1444-05-02 14:49:44 +0000  56228 bytes for ./Feather.ttf
1444-05-02 14:49:44 +0000  copying file ./sneakersUri ... 
1444-05-02 14:49:44 +0000  37226112 bytes for ./sneakersUri
1444-05-02 14:49:44 +0000  copying file ./Entypo.ttf ... 
66200 bytes for ./Entypo.ttf
1444-05-02 14:49:44 +0000  copying file ./QBImagePicker.bundle/de.lproj/QBImagePicker.strings ... 
1444-05-02 14:49:44 +0000  1131 bytes for ./QBImagePicker.bundle/de.lproj/QBImagePicker.strings
1444-05-02 14:49:44 +0000  copying file ./QBImagePicker.bundle/zh-Hans.lproj/QBImagePicker.strings ... 
1444-05-02 14:49:44 +0000  1119 bytes for ./QBImagePicker.bundle/zh-Hans.lproj/QBImagePicker.strings
1444-05-02 14:49:44 +0000  copying file ./QBImagePicker.bundle/ja.lproj/QBImagePicker.strings ... 
1444-05-02 14:49:44 +0000  1214 bytes for ./QBImagePicker.bundle/ja.lproj/QBImagePicker.strings
1444-05-02 14:49:44 +0000  copying file ./QBImagePicker.bundle/en.lproj/QBImagePicker.strings ... 
1444-05-02 14:49:44 +0000  1064 bytes for ./QBImagePicker.bundle/en.lproj/QBImagePicker.strings
1444-05-02 14:49:44 +0000  copying file ./QBImagePicker.bundle/uk.lproj/QBImagePicker.strings ... 
1444-05-02 14:49:44 +0000  1398 bytes for ./QBImagePicker.bundle/uk.lproj/QBImagePicker.strings
1444-05-02 14:49:44 +0000  copying file ./QBImagePicker.bundle/QBImagePicker.storyboardc/QiH-NZ-ZGN-view-sD2-zK-ryo.nib/runtime.nib ... 
1444-05-02 14:49:44 +0000  10163 bytes for ./QBImagePicker.bundle/QBImagePicker.storyboardc/QiH-NZ-ZGN-view-sD2-zK-ryo.nib/runtime.nib
1444-05-02 14:49:44 +0000  copying file ./QBImagePicker.bundle/QBImagePicker.storyboardc/QiH-NZ-ZGN-view-sD2-zK-ryo.nib/objects-12.3+.nib ... 
1444-05-02 14:49:44 +0000  10390 bytes for ./QBImagePicker.bundle/QBImagePicker.storyboardc/QiH-NZ-ZGN-view-sD2-zK-ryo.nib/objects-12.3+.nib
1444-05-02 14:49:44 +0000  copying file ./QBImagePicker.bundle/QBImagePicker.storyboardc/QBAlbumsViewController.nib/runtime.nib ... 
1444-05-02 14:49:44 +0000  1775 bytes for ./QBImagePicker.bundle/QBImagePicker.storyboardc/QBAlbumsViewController.nib/runtime.nib
1444-05-02 14:49:44 +0000  copying file ./QBImagePicker.bundle/QBImagePicker.storyboardc/QBAlbumsViewController.nib/objects-12.3+.nib ... 
1444-05-02 14:49:44 +0000  1775 bytes for ./QBImagePicker.bundle/QBImagePicker.storyboardc/QBAlbumsViewController.nib/objects-12.3+.nib
1444-05-02 14:49:44 +0000  copying file ./QBImagePicker.bundle/QBImagePicker.storyboardc/QBAssetsViewController.nib/runtime.nib ... 
1444-05-02 14:49:44 +0000  1368 bytes for ./QBImagePicker.bundle/QBImagePicker.storyboardc/QBAssetsViewController.nib/runtime.nib
1444-05-02 14:49:44 +0000  copying file ./QBImagePicker.bundle/QBImagePicker.storyboardc/QBAssetsViewController.nib/objects-12.3+.nib ... 
1444-05-02 14:49:44 +0000  1368 bytes for ./QBImagePicker.bundle/QBImagePicker.storyboardc/QBAssetsViewController.nib/objects-12.3+.nib
1444-05-02 14:49:44 +0000  copying file ./QBImagePicker.bundle/QBImagePicker.storyboardc/QL5-wR-LYt-view-66K-TS-Yoc.nib/runtime.nib ... 
1444-05-02 14:49:44 +0000  7159 bytes for ./QBImagePicker.bundle/QBImagePicker.storyboardc/QL5-wR-LYt-view-66K-TS-Yoc.nib/runtime.nib
1444-05-02 14:49:44 +0000  copying file ./QBImagePicker.bundle/QBImagePicker.storyboardc/QL5-wR-LYt-view-66K-TS-Yoc.nib/objects-12.3+.nib ... 
1444-05-02 14:49:44 +0000  7159 bytes for ./QBImagePicker.bundle/QBImagePicker.storyboardc/QL5-wR-LYt-view-66K-TS-Yoc.nib/objects-12.3+.nib
1444-05-02 14:49:44 +0000  copying file ./QBImagePicker.bundle/QBImagePicker.storyboardc/QBAlbumsNavigationController.nib/runtime.nib ... 
1444-05-02 14:49:44 +0000  2592 bytes for ./QBImagePicker.bundle/QBImagePicker.storyboardc/QBAlbumsNavigationController.nib/runtime.nib
1444-05-02 14:49:44 +0000  copying file ./QBImagePicker.bundle/QBImagePicker.storyboardc/QBAlbumsNavigationController.nib/objects-12.3+.nib ... 
1444-05-02 14:49:44 +0000  2592 bytes for ./QBImagePicker.bundle/QBImagePicker.storyboardc/QBAlbumsNavigationController.nib/objects-12.3+.nib
1444-05-02 14:49:44 +0000  copying file ./QBImagePicker.bundle/QBImagePicker.storyboardc/Info.plist ... 
1444-05-02 14:49:44 +0000  289 bytes for ./QBImagePicker.bundle/QBImagePicker.storyboardc/Info.plist
1444-05-02 14:49:44 +0000  copying file ./QBImagePicker.bundle/es.lproj/QBImagePicker.strings ... 
1444-05-02 14:49:44 +0000  1113 bytes for ./QBImagePicker.bundle/es.lproj/QBImagePicker.strings
1444-05-02 14:49:44 +0000  copying file ./QBImagePicker.bundle/it.lproj/QBImagePicker.strings ... 
1444-05-02 14:49:44 +0000  1088 bytes for ./QBImagePicker.bundle/it.lproj/QBImagePicker.strings
1444-05-02 14:49:44 +0000  copying file ./QBImagePicker.bundle/sv.lproj/QBImagePicker.strings ... 
1444-05-02 14:49:44 +0000  1082 bytes for ./QBImagePicker.bundle/sv.lproj/QBImagePicker.strings
1444-05-02 14:49:44 +0000  copying file ./QBImagePicker.bundle/ko.lproj/QBImagePicker.strings ... 
1444-05-02 14:49:44 +0000  1139 bytes for ./QBImagePicker.bundle/ko.lproj/QBImagePicker.strings
1444-05-02 14:49:44 +0000  copying file ./QBImagePicker.bundle/zh-Hant.lproj/QBImagePicker.strings ... 
1444-05-02 14:49:44 +0000  1119 bytes for ./QBImagePicker.bundle/zh-Hant.lproj/QBImagePicker.strings
1444-05-02 14:49:44 +0000  copying file ./QBImagePicker.bundle/tr.lproj/QBImagePicker.strings ... 
1444-05-02 14:49:44 +0000  1104 bytes for ./QBImagePicker.bundle/tr.lproj/QBImagePicker.strings
1444-05-02 14:49:44 +0000  copying file ./QBImagePicker.bundle/pl.lproj/QBImagePicker.strings ... 
1444-05-02 14:49:44 +0000  1119 bytes for ./QBImagePicker.bundle/pl.lproj/QBImagePicker.strings
1444-05-02 14:49:44 +0000  copying file ./QBImagePicker.bundle/ru.lproj/QBImagePicker.strings ... 
1444-05-02 14:49:44 +0000  1433 bytes for ./QBImagePicker.bundle/ru.lproj/QBImagePicker.strings
1444-05-02 14:49:44 +0000  copying file ./QBImagePicker.bundle/fr.lproj/QBImagePicker.strings ... 
1444-05-02 14:49:44 +0000  1153 bytes for ./QBImagePicker.bundle/fr.lproj/QBImagePicker.strings
1444-05-02 14:49:44 +0000  copying file ./QBImagePicker.bundle/pt.lproj/QBImagePicker.strings ... 
1444-05-02 14:49:44 +0000  1112 bytes for ./QBImagePicker.bundle/pt.lproj/QBImagePicker.strings
1444-05-02 14:49:44 +0000  copying file ./QBImagePicker.bundle/ro.lproj/QBImagePicker.strings ... 
1444-05-02 14:49:44 +0000  1127 bytes for ./QBImagePicker.bundle/ro.lproj/QBImagePicker.strings
1444-05-02 14:49:44 +0000  copying file ./QBImagePicker.bundle/Info.plist ... 
1444-05-02 14:49:44 +0000  772 bytes for ./QBImagePicker.bundle/Info.plist
1444-05-02 14:49:44 +0000  copying file ./FontAwesome5_Brands.ttf ... 
1444-05-02 14:49:44 +0000  134040 bytes for ./FontAwesome5_Brands.ttf
1444-05-02 14:49:44 +0000  copying file ./MaterialCommunityIcons.ttf ... 
1444-05-02 14:49:44 +0000  1147844 bytes for ./MaterialCommunityIcons.ttf
copying file ./AntDesign.ttf ... 
1444-05-02 14:49:44 +0000  70344 bytes for ./AntDesign.ttf
copying file ./Foundation.ttf ... 
1444-05-02 14:49:44 +0000  56976 bytes for ./Foundation.ttf
1444-05-02 14:49:44 +0000  copying file ./Ionicons.ttf ... 
1444-05-02 14:49:44 +0000  247192 bytes for ./Ionicons.ttf
copying file ./FontAwesome5_Solid.ttf ... 
1444-05-02 14:49:44 +0000  202744 bytes for ./FontAwesome5_Solid.ttf
1444-05-02 14:49:44 +0000  copying file ./FontAwesome5_Regular.ttf ... 
1444-05-02 14:49:44 +0000  33736 bytes for ./FontAwesome5_Regular.ttf
1444-05-02 14:49:44 +0000  copying file ./AccessibilityResources.bundle/en.lproj/Localizable.strings ... 
1444-05-02 14:49:44 +0000  518 bytes for ./AccessibilityResources.bundle/en.lproj/Localizable.strings
1444-05-02 14:49:44 +0000  copying file ./AccessibilityResources.bundle/Info.plist ... 
1444-05-02 14:49:44 +0000  792 bytes for ./AccessibilityResources.bundle/Info.plist
1444-05-02 14:49:44 +0000  copying file ./FontAwesome.ttf ... 
1444-05-02 14:49:44 +0000  165548 bytes for ./FontAwesome.ttf
1444-05-02 14:49:44 +0000  copying file ./Zocial.ttf ... 
1444-05-02 14:49:44 +0000  25788 bytes for ./Zocial.ttf
1444-05-02 14:49:44 +0000  copying file ./Assets.car ... 
1444-05-02 14:49:44 +0000  1267663 bytes for ./Assets.car
1444-05-02 14:49:44 +0000  copying file ./EvilIcons.ttf ... 
1444-05-02 14:49:44 +0000  13456 bytes for ./EvilIcons.ttf
1444-05-02 14:49:44 +0000  copying file ./main.jsbundle ... 
1444-05-02 14:49:44 +0000  2282968 bytes for ./main.jsbundle
1444-05-02 14:49:44 +0000  copying file ./LaunchScreen.storyboardc/01J-lp-oVM-view-wPE-wz-zRZ.nib ... 
1141 bytes for ./LaunchScreen.storyboardc/01J-lp-oVM-view-wPE-wz-zRZ.nib
copying file ./LaunchScreen.storyboardc/UIViewController-01J-lp-oVM.nib ... 
896 bytes for ./LaunchScreen.storyboardc/UIViewController-01J-lp-oVM.nib
copying file ./LaunchScreen.storyboardc/Info.plist ... 
258 bytes for ./LaunchScreen.storyboardc/Info.plist
copying file ./TOCropViewControllerBundle.bundle/de.lproj/TOCropViewControllerLocalizable.strings ... 
189 bytes for ./TOCropViewControllerBundle.bundle/de.lproj/TOCropViewControllerLocalizable.strings
copying file ./TOCropViewControllerBundle.bundle/ar.lproj/TOCropViewControllerLocalizable.strings ... 
207 bytes for ./TOCropViewControllerBundle.bundle/ar.lproj/TOCropViewControllerLocalizable.strings
copying file ./TOCropViewControllerBundle.bundle/zh-Hans.lproj/TOCropViewControllerLocalizable.strings ... 
172 bytes for ./TOCropViewControllerBundle.bundle/zh-Hans.lproj/TOCropViewControllerLocalizable.strings
copying file ./TOCropViewControllerBundle.bundle/ja.lproj/TOCropViewControllerLocalizable.strings ... 
1444-05-02 14:49:44 +0000  210 bytes for ./TOCropViewControllerBundle.bundle/ja.lproj/TOCropViewControllerLocalizable.strings
1444-05-02 14:49:44 +0000  copying file ./TOCropViewControllerBundle.bundle/fa.lproj/TOCropViewControllerLocalizable.strings ... 
1444-05-02 14:49:44 +0000  210 bytes for ./TOCropViewControllerBundle.bundle/fa.lproj/TOCropViewControllerLocalizable.strings
1444-05-02 14:49:44 +0000  copying file ./TOCropViewControllerBundle.bundle/en.lproj/TOCropViewControllerLocalizable.strings ... 
1444-05-02 14:49:44 +0000  168 bytes for ./TOCropViewControllerBundle.bundle/en.lproj/TOCropViewControllerLocalizable.strings
1444-05-02 14:49:44 +0000  copying file ./TOCropViewControllerBundle.bundle/es.lproj/TOCropViewControllerLocalizable.strings ... 
1444-05-02 14:49:44 +0000  179 bytes for ./TOCropViewControllerBundle.bundle/es.lproj/TOCropViewControllerLocalizable.strings
1444-05-02 14:49:44 +0000  copying file ./TOCropViewControllerBundle.bundle/it.lproj/TOCropViewControllerLocalizable.strings ... 
1444-05-02 14:49:44 +0000  181 bytes for ./TOCropViewControllerBundle.bundle/it.lproj/TOCropViewControllerLocalizable.strings
1444-05-02 14:49:44 +0000  copying file ./TOCropViewControllerBundle.bundle/sk.lproj/TOCropViewControllerLocalizable.strings ... 
1444-05-02 14:49:44 +0000  176 bytes for ./TOCropViewControllerBundle.bundle/sk.lproj/TOCropViewControllerLocalizable.strings
1444-05-02 14:49:44 +0000  copying file ./TOCropViewControllerBundle.bundle/ms.lproj/TOCropViewControllerLocalizable.strings ... 
1444-05-02 14:49:44 +0000  173 bytes for ./TOCropViewControllerBundle.bundle/ms.lproj/TOCropViewControllerLocalizable.strings
1444-05-02 14:49:44 +0000  copying file ./TOCropViewControllerBundle.bundle/cs.lproj/TOCropViewControllerLocalizable.strings ... 
1444-05-02 14:49:44 +0000  173 bytes for ./TOCropViewControllerBundle.bundle/cs.lproj/TOCropViewControllerLocalizable.strings
1444-05-02 14:49:44 +0000  copying file ./TOCropViewControllerBundle.bundle/ko.lproj/TOCropViewControllerLocalizable.strings ... 
1444-05-02 14:49:44 +0000  187 bytes for ./TOCropViewControllerBundle.bundle/ko.lproj/TOCropViewControllerLocalizable.strings
1444-05-02 14:49:44 +0000  copying file ./TOCropViewControllerBundle.bundle/Base.lproj/TOCropViewControllerLocalizable.strings ... 
1444-05-02 14:49:44 +0000  168 bytes for ./TOCropViewControllerBundle.bundle/Base.lproj/TOCropViewControllerLocalizable.strings
1444-05-02 14:49:44 +0000  copying file ./TOCropViewControllerBundle.bundle/zh-Hant.lproj/TOCropViewControllerLocalizable.strings ... 
1444-05-02 14:49:44 +0000  175 bytes for ./TOCropViewControllerBundle.bundle/zh-Hant.lproj/TOCropViewControllerLocalizable.strings
1444-05-02 14:49:44 +0000  copying file ./TOCropViewControllerBundle.bundle/fa-IR.lproj/TOCropViewControllerLocalizable.strings ... 
1444-05-02 14:49:44 +0000  210 bytes for ./TOCropViewControllerBundle.bundle/fa-IR.lproj/TOCropViewControllerLocalizable.strings
1444-05-02 14:49:44 +0000  copying file ./TOCropViewControllerBundle.bundle/hu.lproj/TOCropViewControllerLocalizable.strings ... 
1444-05-02 14:49:44 +0000  194 bytes for ./TOCropViewControllerBundle.bundle/hu.lproj/TOCropViewControllerLocalizable.strings
1444-05-02 14:49:44 +0000  copying file ./TOCropViewControllerBundle.bundle/da-DK.lproj/TOCropViewControllerLocalizable.strings ... 
1444-05-02 14:49:44 +0000  174 bytes for ./TOCropViewControllerBundle.bundle/da-DK.lproj/TOCropViewControllerLocalizable.strings
1444-05-02 14:49:44 +0000  copying file ./TOCropViewControllerBundle.bundle/tr.lproj/TOCropViewControllerLocalizable.strings ... 
1444-05-02 14:49:44 +0000  183 bytes for ./TOCropViewControllerBundle.bundle/tr.lproj/TOCropViewControllerLocalizable.strings
1444-05-02 14:49:44 +0000  copying file ./TOCropViewControllerBundle.bundle/pl.lproj/TOCropViewControllerLocalizable.strings ... 
1444-05-02 14:49:44 +0000  171 bytes for ./TOCropViewControllerBundle.bundle/pl.lproj/TOCropViewControllerLocalizable.strings
1444-05-02 14:49:44 +0000  copying file ./TOCropViewControllerBundle.bundle/pt-BR.lproj/TOCropViewControllerLocalizable.strings ... 
1444-05-02 14:49:44 +0000  181 bytes for ./TOCropViewControllerBundle.bundle/pt-BR.lproj/TOCropViewControllerLocalizable.strings
1444-05-02 14:49:44 +0000  copying file ./TOCropViewControllerBundle.bundle/vi.lproj/TOCropViewControllerLocalizable.strings ... 
1444-05-02 14:49:44 +0000  178 bytes for ./TOCropViewControllerBundle.bundle/vi.lproj/TOCropViewControllerLocalizable.strings
1444-05-02 14:49:44 +0000  copying file ./TOCropViewControllerBundle.bundle/ru.lproj/TOCropViewControllerLocalizable.strings ... 
1444-05-02 14:49:44 +0000  237 bytes for ./TOCropViewControllerBundle.bundle/ru.lproj/TOCropViewControllerLocalizable.strings
1444-05-02 14:49:44 +0000  copying file ./TOCropViewControllerBundle.bundle/fr.lproj/TOCropViewControllerLocalizable.strings ... 
1444-05-02 14:49:44 +0000  193 bytes for ./TOCropViewControllerBundle.bundle/fr.lproj/TOCropViewControllerLocalizable.strings
1444-05-02 14:49:44 +0000  copying file ./TOCropViewControllerBundle.bundle/fi.lproj/TOCropViewControllerLocalizable.strings ... 
1444-05-02 14:49:44 +0000  179 bytes for ./TOCropViewControllerBundle.bundle/fi.lproj/TOCropViewControllerLocalizable.strings
1444-05-02 14:49:44 +0000  copying file ./TOCropViewControllerBundle.bundle/id.lproj/TOCropViewControllerLocalizable.strings ... 
1444-05-02 14:49:44 +0000  178 bytes for ./TOCropViewControllerBundle.bundle/id.lproj/TOCropViewControllerLocalizable.strings
1444-05-02 14:49:44 +0000  copying file ./TOCropViewControllerBundle.bundle/nl.lproj/TOCropViewControllerLocalizable.strings ... 
1444-05-02 14:49:44 +0000  178 bytes for ./TOCropViewControllerBundle.bundle/nl.lproj/TOCropViewControllerLocalizable.strings
1444-05-02 14:49:44 +0000  copying file ./TOCropViewControllerBundle.bundle/pt.lproj/TOCropViewControllerLocalizable.strings ... 
1444-05-02 14:49:44 +0000  181 bytes for ./TOCropViewControllerBundle.bundle/pt.lproj/TOCropViewControllerLocalizable.strings
1444-05-02 14:49:44 +0000  copying file ./TOCropViewControllerBundle.bundle/ro.lproj/TOCropViewControllerLocalizable.strings ... 
1444-05-02 14:49:44 +0000  181 bytes for ./TOCropViewControllerBundle.bundle/ro.lproj/TOCropViewControllerLocalizable.strings
1444-05-02 14:49:44 +0000  copying file ./TOCropViewControllerBundle.bundle/Info.plist ... 
1444-05-02 14:49:44 +0000  799 bytes for ./TOCropViewControllerBundle.bundle/Info.plist
1444-05-02 14:49:44 +0000  copying file ./TOCropViewControllerBundle.bundle/ca.lproj/TOCropViewControllerLocalizable.strings ... 
1444-05-02 14:49:44 +0000  177 bytes for ./TOCropViewControllerBundle.bundle/ca.lproj/TOCropViewControllerLocalizable.strings
1444-05-02 14:49:44 +0000  copying file ./SimpleLineIcons.ttf ... 
1444-05-02 14:49:44 +0000  54056 bytes for ./SimpleLineIcons.ttf
copying file ./embedded.mobileprovision ... 
1444-05-02 14:49:44 +0000  99961 bytes for ./embedded.mobileprovision
1444-05-02 14:49:44 +0000  copying file ./assets/node_modules/react-native-wheel-color-picker/assets/graphics/ui/black-gradient.png ... 
1444-05-02 14:49:44 +0000  895 bytes for ./assets/node_modules/react-native-wheel-color-picker/assets/graphics/ui/black-gradient.png
1444-05-02 14:49:44 +0000  copying file ./assets/node_modules/react-native-wheel-color-picker/assets/graphics/ui/black-gradient-rotated.png ... 
1444-05-02 14:49:44 +0000  3363 bytes for ./assets/node_modules/react-native-wheel-color-picker/assets/graphics/ui/black-gradient-rotated.png
1444-05-02 14:49:44 +0000  copying file ./assets/node_modules/react-native-wheel-color-picker/assets/graphics/ui/color-wheel.png ... 
1444-05-02 14:49:44 +0000  202076 bytes for ./assets/node_modules/react-native-wheel-color-picker/assets/graphics/ui/color-wheel.png
1444-05-02 14:49:44 +0000  copying file ./assets/node_modules/@react-navigation/drawer/src/views/assets/toggle-drawer-icon@3x.png ... 
1444-05-02 14:49:44 +0000  212 bytes for ./assets/node_modules/@react-navigation/drawer/src/views/assets/toggle-drawer-icon@3x.png
copying file ./assets/node_modules/@react-navigation/drawer/src/views/assets/toggle-drawer-icon@2x.png ... 
1444-05-02 14:49:44 +0000  163 bytes for ./assets/node_modules/@react-navigation/drawer/src/views/assets/toggle-drawer-icon@2x.png
1444-05-02 14:49:44 +0000  copying file ./assets/node_modules/@react-navigation/drawer/src/views/assets/toggle-drawer-icon.png ... 
1444-05-02 14:49:44 +0000  108 bytes for ./assets/node_modules/@react-navigation/drawer/src/views/assets/toggle-drawer-icon.png
1444-05-02 14:49:44 +0000  copying file ./assets/node_modules/@react-navigation/elements/src/assets/back-icon@3x.png ... 
1444-05-02 14:49:44 +0000  761 bytes for ./assets/node_modules/@react-navigation/elements/src/assets/back-icon@3x.png
copying file ./assets/node_modules/@react-navigation/elements/src/assets/back-icon@2x.png ... 
1444-05-02 14:49:44 +0000  405 bytes for ./assets/node_modules/@react-navigation/elements/src/assets/back-icon@2x.png
copying file ./assets/node_modules/@react-navigation/elements/src/assets/back-icon.png ... 
1444-05-02 14:49:44 +0000  290 bytes for ./assets/node_modules/@react-navigation/elements/src/assets/back-icon.png
copying file ./assets/node_modules/@react-navigation/elements/src/assets/back-icon-mask.png ... 
913 bytes for ./assets/node_modules/@react-navigation/elements/src/assets/back-icon-mask.png
1444-05-02 14:49:44 +0000  copying file ./assets/src/assets/image/favouriteTwo.png ... 
1444-05-02 14:49:44 +0000  11177 bytes for ./assets/src/assets/image/favouriteTwo.png
1444-05-02 14:49:44 +0000  copying file ./assets/src/assets/image/checkOutfitTwo.png ... 
1444-05-02 14:49:44 +0000  278663 bytes for ./assets/src/assets/image/checkOutfitTwo.png
1444-05-02 14:49:44 +0000  copying file ./assets/src/assets/image/appLogo.png ... 
1444-05-02 14:49:44 +0000  349611 bytes for ./assets/src/assets/image/appLogo.png
copying file ./assets/src/assets/image/groupImageTwo.png ... 
1444-05-02 14:49:44 +0000  55464 bytes for ./assets/src/assets/image/groupImageTwo.png
1444-05-02 14:49:44 +0000  copying file ./assets/src/assets/image/groupImageSix.png ... 
1444-05-02 14:49:44 +0000  120518 bytes for ./assets/src/assets/image/groupImageSix.png
copying file ./assets/src/assets/image/groupChatOne.png ... 
1444-05-02 14:49:44 +0000  23003 bytes for ./assets/src/assets/image/groupChatOne.png
copying file ./assets/src/assets/image/notificationImage1.png ... 
1444-05-02 14:49:44 +0000  11003 bytes for ./assets/src/assets/image/notificationImage1.png
copying file ./assets/src/assets/image/notificationImage3.png ... 
1444-05-02 14:49:44 +0000  11496 bytes for ./assets/src/assets/image/notificationImage3.png
1444-05-02 14:49:44 +0000  copying file ./assets/src/assets/image/notificationImage2.png ... 
1444-05-02 14:49:44 +0000  19261 bytes for ./assets/src/assets/image/notificationImage2.png
copying file ./assets/src/assets/image/groupCover.png ... 
1444-05-02 14:49:44 +0000  269467 bytes for ./assets/src/assets/image/groupCover.png
copying file ./assets/src/assets/image/notificationImage6.png ... 
1444-05-02 14:49:44 +0000  21216 bytes for ./assets/src/assets/image/notificationImage6.png
1444-05-02 14:49:44 +0000  copying file ./assets/src/assets/image/notificationImage7.png ... 
1444-05-02 14:49:44 +0000  22215 bytes for ./assets/src/assets/image/notificationImage7.png
1444-05-02 14:49:44 +0000  copying file ./assets/src/assets/image/groupImageFive.png ... 
1444-05-02 14:49:44 +0000  103603 bytes for ./assets/src/assets/image/groupImageFive.png
1444-05-02 14:49:44 +0000  copying file ./assets/src/assets/image/notificationImage5.png ... 
1444-05-02 14:49:44 +0000  22035 bytes for ./assets/src/assets/image/notificationImage5.png
1444-05-02 14:49:44 +0000  copying file ./assets/src/assets/image/notificationImage4.png ... 
1444-05-02 14:49:44 +0000  9782 bytes for ./assets/src/assets/image/notificationImage4.png
1444-05-02 14:49:44 +0000  copying file ./assets/src/assets/image/groupChatFive.png ... 
1444-05-02 14:49:44 +0000  22536 bytes for ./assets/src/assets/image/groupChatFive.png
1444-05-02 14:49:44 +0000  copying file ./assets/src/assets/image/groupImageThree.png ... 
1444-05-02 14:49:44 +0000  81445 bytes for ./assets/src/assets/image/groupImageThree.png
1444-05-02 14:49:44 +0000  copying file ./assets/src/assets/image/groupChatTwo.png ... 
1444-05-02 14:49:44 +0000  20303 bytes for ./assets/src/assets/image/groupChatTwo.png
copying file ./assets/src/assets/image/BackgroundImage.jpg ... 
1444-05-02 14:49:44 +0000  167901 bytes for ./assets/src/assets/image/BackgroundImage.jpg
1444-05-02 14:49:44 +0000  copying file ./assets/src/assets/image/shoes.png ... 
1444-05-02 14:49:44 +0000  70097 bytes for ./assets/src/assets/image/shoes.png
copying file ./assets/src/assets/image/groupImageFour.png ... 
1444-05-02 14:49:44 +0000  78746 bytes for ./assets/src/assets/image/groupImageFour.png
1444-05-02 14:49:44 +0000  copying file ./assets/src/assets/image/groupChatFour.png ... 
1444-05-02 14:49:44 +0000  19261 bytes for ./assets/src/assets/image/groupChatFour.png
copying file ./assets/src/assets/image/profile.png ... 
1444-05-02 14:49:44 +0000  151658 bytes for ./assets/src/assets/image/profile.png
copying file ./assets/src/assets/image/tabbar.png ... 
1444-05-02 14:49:44 +0000  19111 bytes for ./assets/src/assets/image/tabbar.png
1444-05-02 14:49:44 +0000  copying file ./assets/src/assets/image/groupChatThree.png ... 
1444-05-02 14:49:44 +0000  23340 bytes for ./assets/src/assets/image/groupChatThree.png
copying file ./assets/src/assets/image/favouriteOne.png ... 
1444-05-02 14:49:44 +0000  12581 bytes for ./assets/src/assets/image/favouriteOne.png
1444-05-02 14:49:44 +0000  copying file ./assets/src/assets/image/groupImageOne.png ... 
1444-05-02 14:49:44 +0000  67361 bytes for ./assets/src/assets/image/groupImageOne.png
1444-05-02 14:49:44 +0000  copying file ./assets/src/assets/image/checkOutfitOne.png ... 
1444-05-02 14:49:44 +0000  418224 bytes for ./assets/src/assets/image/checkOutfitOne.png
1444-05-02 14:49:44 +0000  copying file ./assets/src/assets/icons/info.png ... 
1444-05-02 14:49:44 +0000  2321 bytes for ./assets/src/assets/icons/info.png
copying file ./assets/src/assets/icons/email.png ... 
1444-05-02 14:49:44 +0000  1139 bytes for ./assets/src/assets/icons/email.png
1444-05-02 14:49:44 +0000  copying file ./assets/src/assets/icons/plus.png ... 
1444-05-02 14:49:44 +0000  1428 bytes for ./assets/src/assets/icons/plus.png
copying file ./assets/src/assets/icons/eyeNot.png ... 
1444-05-02 14:49:44 +0000  1561 bytes for ./assets/src/assets/icons/eyeNot.png
copying file ./assets/src/assets/icons/postThree.png ... 
1444-05-02 14:49:44 +0000  18906 bytes for ./assets/src/assets/icons/postThree.png
1444-05-02 14:49:44 +0000  copying file ./assets/src/assets/icons/Lock.png ... 
1444-05-02 14:49:44 +0000  1324 bytes for ./assets/src/assets/icons/Lock.png
copying file ./assets/src/assets/icons/address.png ... 
1444-05-02 14:49:44 +0000  1479 bytes for ./assets/src/assets/icons/address.png
copying file ./assets/src/assets/icons/groupWithBackground.png ... 
1444-05-02 14:49:44 +0000  3362 bytes for ./assets/src/assets/icons/groupWithBackground.png
1444-05-02 14:49:44 +0000  copying file ./assets/src/assets/icons/power.png ... 
1444-05-02 14:49:44 +0000  1814 bytes for ./assets/src/assets/icons/power.png
1444-05-02 14:49:44 +0000  copying file ./assets/src/assets/icons/homeNoBackground.png ... 
1444-05-02 14:49:44 +0000  1124 bytes for ./assets/src/assets/icons/homeNoBackground.png
1444-05-02 14:49:44 +0000  copying file ./assets/src/assets/icons/postTwo.png ... 
1444-05-02 14:49:44 +0000  21322 bytes for ./assets/src/assets/icons/postTwo.png
1444-05-02 14:49:44 +0000  copying file ./assets/src/assets/icons/groupNoBackground.png ... 
1444-05-02 14:49:44 +0000  3400 bytes for ./assets/src/assets/icons/groupNoBackground.png
1444-05-02 14:49:44 +0000  copying file ./assets/src/assets/icons/user.png ... 
1444-05-02 14:49:44 +0000  1510 bytes for ./assets/src/assets/icons/user.png
1444-05-02 14:49:44 +0000  copying file ./assets/src/assets/icons/dots.png ... 
1444-05-02 14:49:44 +0000  388 bytes for ./assets/src/assets/icons/dots.png
1444-05-02 14:49:44 +0000  copying file ./assets/src/assets/icons/heart.png ... 
1444-05-02 14:49:44 +0000  1966 bytes for ./assets/src/assets/icons/heart.png
1444-05-02 14:49:44 +0000  copying file ./assets/src/assets/icons/apple.png ... 
1444-05-02 14:49:44 +0000  1548 bytes for ./assets/src/assets/icons/apple.png
1444-05-02 14:49:44 +0000  copying file ./assets/src/assets/icons/menu.png ... 
1444-05-02 14:49:44 +0000  669 bytes for ./assets/src/assets/icons/menu.png
1444-05-02 14:49:44 +0000  copying file ./assets/src/assets/icons/postOne.png ... 
1444-05-02 14:49:44 +0000  19261 bytes for ./assets/src/assets/icons/postOne.png
1444-05-02 14:49:44 +0000  copying file ./assets/src/assets/icons/upload.png ... 
1444-05-02 14:49:44 +0000  772 bytes for ./assets/src/assets/icons/upload.png
1444-05-02 14:49:44 +0000  copying file ./assets/src/assets/icons/comment.png ... 
1444-05-02 14:49:44 +0000  1616 bytes for ./assets/src/assets/icons/comment.png
1444-05-02 14:49:44 +0000  copying file ./assets/src/assets/icons/google-plus.png ... 
1444-05-02 14:49:44 +0000  597 bytes for ./assets/src/assets/icons/google-plus.png
1444-05-02 14:49:44 +0000  copying file ./assets/src/assets/icons/termsConditions.png ... 
1444-05-02 14:49:44 +0000  651 bytes for ./assets/src/assets/icons/termsConditions.png
1444-05-02 14:49:44 +0000  copying file ./assets/src/assets/icons/eye.png ... 
1444-05-02 14:49:44 +0000  1626 bytes for ./assets/src/assets/icons/eye.png
1444-05-02 14:49:44 +0000  copying file ./assets/src/assets/icons/postAttachment.png ... 
1444-05-02 14:49:44 +0000  1591 bytes for ./assets/src/assets/icons/postAttachment.png
1444-05-02 14:49:44 +0000  copying file ./assets/src/assets/icons/phone.png ... 
1444-05-02 14:49:44 +0000  2107 bytes for ./assets/src/assets/icons/phone.png
1444-05-02 14:49:44 +0000  copying file ./assets/src/assets/icons/edit.png ... 
1444-05-02 14:49:44 +0000  939 bytes for ./assets/src/assets/icons/edit.png
copying file ./assets/src/assets/icons/star.png ... 
1444-05-02 14:49:44 +0000  1544 bytes for ./assets/src/assets/icons/star.png
1444-05-02 14:49:44 +0000  copying file ./assets/src/assets/icons/trash.png ... 
1444-05-02 14:49:44 +0000  7385 bytes for ./assets/src/assets/icons/trash.png
1444-05-02 14:49:44 +0000  copying file ./assets/src/assets/icons/categories.png ... 
1444-05-02 14:49:44 +0000  826 bytes for ./assets/src/assets/icons/categories.png
1444-05-02 14:49:44 +0000  copying file ./assets/src/assets/icons/caretDown.png ... 
1444-05-02 14:49:44 +0000  301 bytes for ./assets/src/assets/icons/caretDown.png
1444-05-02 14:49:44 +0000  copying file ./assets/src/assets/icons/facebook.png ... 
1444-05-02 14:49:44 +0000  508 bytes for ./assets/src/assets/icons/facebook.png
1444-05-02 14:49:44 +0000  copying file ./assets/src/assets/icons/notification.png ... 
1664 bytes for ./assets/src/assets/icons/notification.png
copying file ./assets/src/assets/icons/userPlaceholder.png ... 
1444-05-02 14:49:44 +0000  29079 bytes for ./assets/src/assets/icons/userPlaceholder.png
1444-05-02 14:49:44 +0000  copying file ./assets/src/assets/icons/send.png ... 
1444-05-02 14:49:44 +0000  2440 bytes for ./assets/src/assets/icons/send.png
1444-05-02 14:49:44 +0000  copying file ./assets/src/assets/icons/checkOutfitWithBackground.png ... 
1444-05-02 14:49:44 +0000  1912 bytes for ./assets/src/assets/icons/checkOutfitWithBackground.png
1444-05-02 14:49:44 +0000  copying file ./assets/src/assets/icons/back.png ... 
1444-05-02 14:49:44 +0000  1033 bytes for ./assets/src/assets/icons/back.png
1444-05-02 14:49:44 +0000  copying file ./assets/src/assets/icons/backIcon.png ... 
1444-05-02 14:49:44 +0000  1542 bytes for ./assets/src/assets/icons/backIcon.png
1444-05-02 14:49:44 +0000  copying file ./assets/src/assets/icons/homeWithBackground.png ... 
1444-05-02 14:49:44 +0000  1088 bytes for ./assets/src/assets/icons/homeWithBackground.png
1444-05-02 14:49:44 +0000  copying file ./assets/src/assets/icons/uploadGray.png ... 
1444-05-02 14:49:44 +0000  1731 bytes for ./assets/src/assets/icons/uploadGray.png
1444-05-02 14:49:44 +0000  copying file ./Info.plist ... 
1444-05-02 14:49:44 +0000  2100 bytes for ./Info.plist
1444-05-02 14:49:44 +0000  copying file ./PkgInfo ... 
1444-05-02 14:49:44 +0000  8 bytes for ./PkgInfo
1444-05-02 14:49:44 +0000  copying file ./MaterialIcons.ttf ... 
1444-05-02 14:49:44 +0000  230384 bytes for ./MaterialIcons.ttf
1444-05-02 14:49:44 +0000  /usr/bin/ditto exited with 0
1444-05-02 14:49:44 +0000  Processing step: IDEDistributionEmbedProfileStep
1444-05-02 14:49:44 +0000  Processing step: IDEDistributionInfoPlistStep
1444-05-02 14:49:44 +0000  Skipping step: IDEDistributionInfoPlistStep because it said so
1444-05-02 14:49:44 +0000  Processing step: IDEDistributionAppThinningPlistStep
1444-05-02 14:49:44 +0000  Skipping step: IDEDistributionAppThinningPlistStep because it said so
1444-05-02 14:49:44 +0000  Processing step: IDEDistributionCompileBitcodeStep
1444-05-02 14:49:44 +0000  Skipping step: IDEDistributionCompileBitcodeStep because it said so
1444-05-02 14:49:44 +0000  Processing step: IDEDistributionCodeSlimmingStep
1444-05-02 14:49:44 +0000  Running /Applications/Xcode.app/Contents/Developer/Toolchains/XcodeDefault.xctoolchain/usr/bin/bitcode_strip '/var/folders/gh/4qn86l115870rx3nydjgp_rr0000gp/T/XcodeDistPipeline.~~~Fg28Eh/Root/Payload/sneakersUri.app/sneakersUri' '-r' '-keep_cs' '-o' '/var/folders/gh/4qn86l115870rx3nydjgp_rr0000gp/T/XcodeDistPipeline.~~~Fg28Eh/Root/Payload/sneakersUri.app/sneakersUri'
1444-05-02 14:49:44 +0000  /Applications/Xcode.app/Contents/Developer/Toolchains/XcodeDefault.xctoolchain/usr/bin/bitcode_strip exited with 0
1444-05-02 14:49:44 +0000  Processing step: IDEDistributionCopyBCSymbolMapsStep
1444-05-02 14:49:44 +0000  Skipping step: IDEDistributionCopyBCSymbolMapsStep because it said so
1444-05-02 14:49:44 +0000  Processing step: IDEDistributionSymbolsStep
1444-05-02 14:49:44 +0000  Skipping step: IDEDistributionSymbolsStep because it said so
1444-05-02 14:49:44 +0000  Processing step: IDEDistributionAppThinningStep
1444-05-02 14:49:44 +0000  Skipping step: IDEDistributionAppThinningStep because it said so
1444-05-02 14:49:44 +0000  Processing step: IDEDistributionArchThinningStep
1444-05-02 14:49:44 +0000  Running /Applications/Xcode.app/Contents/Developer/Toolchains/XcodeDefault.xctoolchain/usr/bin/lipo '/var/folders/gh/4qn86l115870rx3nydjgp_rr0000gp/T/XcodeDistPipeline.~~~Fg28Eh/Root/Payload/sneakersUri.app/sneakersUri' '-verify_arch' 'arm64e'
1444-05-02 14:49:44 +0000  /Applications/Xcode.app/Contents/Developer/Toolchains/XcodeDefault.xctoolchain/usr/bin/lipo exited with 1
1444-05-02 14:49:44 +0000  Skipping architecture thinning for item "sneakersUri" because arch "arm64e" wasn't found
1444-05-02 14:49:44 +0000  Processing step: IDEDistributionODRStep
1444-05-02 14:49:44 +0000  Processing step: IDEDistributionStripXattrsStep
1444-05-02 14:49:44 +0000  Running /usr/bin/xattr '-crs' '/var/folders/gh/4qn86l115870rx3nydjgp_rr0000gp/T/XcodeDistPipeline.~~~Fg28Eh/Root/Payload/sneakersUri.app'
1444-05-02 14:49:45 +0000  /usr/bin/xattr exited with 0
1444-05-02 14:49:45 +0000  Processing step: IDEDistributionCodesignStep
1444-05-02 14:49:45 +0000  Entitlements for <IDEDistributionItem: 0x7fecb79ec160; bundleID='com.appsnado.sneakerCollectors', path='<DVTFilePath:0x7fecb6dd6900:'/Users/muhammadhassannaeem/Library/Developer/Xcode/Archives/1444-05-02/sneakersUri 02-05-1444 AH, 7.49 PM.xcarchive/Products/Applications/sneakersUri.app'>', codeSigningInfo='<_DVTCodeSigningInformation_Path: 0x7fecb795c0b0; isSigned='1', isAdHocSigned='0', signingCertificate='<DVTSigningCertificate: 0x7fecb786a750; name='Apple Development: Muhammad Hassan Naeem (62G4R6T38U)', hash='72078A18F727299D3945AEEEBB6DDA36C8A3AAAF', serialNumber='2F977E4F4BBFA33C0C5CAF9B0CBC1969', certificateKinds='(
    "1.2.840.113635.100.6.1.12",
    "1.2.840.113635.100.6.1.2"
), issueDate='1443-11-02 12:26:46 +0000''>', entitlements='{
    "application-identifier" = "696PA32759.com.appsnado.sneakerCollectors";
    "com.apple.developer.team-identifier" = 696PA32759;
    "get-task-allow" = 1;
}', teamID='696PA32759', identifier='com.appsnado.sneakerCollectors', executablePath='<DVTFilePath:0x7fecb71704b0:'/Users/muhammadhassannaeem/Library/Developer/Xcode/Archives/1444-05-02/sneakersUri 02-05-1444 AH, 7.49 PM.xcarchive/Products/Applications/sneakersUri.app/sneakersUri'>', hardenedRuntime='0'>'>: {
    "application-identifier" = "696PA32759.com.appsnado.sneakerCollectors";
    "com.apple.developer.team-identifier" = 696PA32759;
    "get-task-allow" = 1;
}
1444-05-02 14:49:45 +0000  Entitlements for <IDEDistributionItem: 0x7fecb79ec160; bundleID='com.appsnado.sneakerCollectors', path='<DVTFilePath:0x7fecb6dd6900:'/Users/muhammadhassannaeem/Library/Developer/Xcode/Archives/1444-05-02/sneakersUri 02-05-1444 AH, 7.49 PM.xcarchive/Products/Applications/sneakersUri.app'>', codeSigningInfo='<_DVTCodeSigningInformation_Path: 0x7fecb795c0b0; isSigned='1', isAdHocSigned='0', signingCertificate='<DVTSigningCertificate: 0x7fecb7958400; name='Apple Development: Muhammad Hassan Naeem (62G4R6T38U)', hash='72078A18F727299D3945AEEEBB6DDA36C8A3AAAF', serialNumber='2F977E4F4BBFA33C0C5CAF9B0CBC1969', certificateKinds='(
    "1.2.840.113635.100.6.1.12",
    "1.2.840.113635.100.6.1.2"
), issueDate='1443-11-02 12:26:46 +0000''>', entitlements='{
    "application-identifier" = "696PA32759.com.appsnado.sneakerCollectors";
    "com.apple.developer.team-identifier" = 696PA32759;
    "get-task-allow" = 1;
}', teamID='696PA32759', identifier='com.appsnado.sneakerCollectors', executablePath='<DVTFilePath:0x7fecb71704b0:'/Users/muhammadhassannaeem/Library/Developer/Xcode/Archives/1444-05-02/sneakersUri 02-05-1444 AH, 7.49 PM.xcarchive/Products/Applications/sneakersUri.app/sneakersUri'>', hardenedRuntime='0'>'> are: {
    "application-identifier" = "696PA32759.com.appsnado.sneakerCollectors";
    "com.apple.developer.team-identifier" = 696PA32759;
    "get-task-allow" = 1;
}
1444-05-02 14:49:45 +0000  Writing entitlements for <IDEDistributionItem: 0x7fecb79ec160; bundleID='com.appsnado.sneakerCollectors', path='<DVTFilePath:0x7fecb6dd6900:'/Users/muhammadhassannaeem/Library/Developer/Xcode/Archives/1444-05-02/sneakersUri 02-05-1444 AH, 7.49 PM.xcarchive/Products/Applications/sneakersUri.app'>', codeSigningInfo='<_DVTCodeSigningInformation_Path: 0x7fecb795c0b0; isSigned='1', isAdHocSigned='0', signingCertificate='<DVTSigningCertificate: 0x7fecb7cdf820; name='Apple Development: Muhammad Hassan Naeem (62G4R6T38U)', hash='72078A18F727299D3945AEEEBB6DDA36C8A3AAAF', serialNumber='2F977E4F4BBFA33C0C5CAF9B0CBC1969', certificateKinds='(
    "1.2.840.113635.100.6.1.12",
    "1.2.840.113635.100.6.1.2"
), issueDate='1443-11-02 12:26:46 +0000''>', entitlements='{
    "application-identifier" = "696PA32759.com.appsnado.sneakerCollectors";
    "com.apple.developer.team-identifier" = 696PA32759;
    "get-task-allow" = 1;
}', teamID='696PA32759', identifier='com.appsnado.sneakerCollectors', executablePath='<DVTFilePath:0x7fecb71704b0:'/Users/muhammadhassannaeem/Library/Developer/Xcode/Archives/1444-05-02/sneakersUri 02-05-1444 AH, 7.49 PM.xcarchive/Products/Applications/sneakersUri.app/sneakersUri'>', hardenedRuntime='0'>'> to: /var/folders/gh/4qn86l115870rx3nydjgp_rr0000gp/T/XcodeDistPipeline.~~~Fg28Eh/entitlements~~~LCuae4
1444-05-02 14:49:45 +0000  Running /usr/bin/codesign '-vvv' '--force' '--sign' '72078A18F727299D3945AEEEBB6DDA36C8A3AAAF' '--entitlements' '/var/folders/gh/4qn86l115870rx3nydjgp_rr0000gp/T/XcodeDistPipeline.~~~Fg28Eh/entitlements~~~LCuae4' '--generate-entitlement-der' '--preserve-metadata=identifier,flags,runtime' '/var/folders/gh/4qn86l115870rx3nydjgp_rr0000gp/T/XcodeDistPipeline.~~~Fg28Eh/Root/Payload/sneakersUri.app'
1444-05-02 14:49:45 +0000  /var/folders/gh/4qn86l115870rx3nydjgp_rr0000gp/T/XcodeDistPipeline.~~~Fg28Eh/Root/Payload/sneakersUri.app: replacing existing signature
1444-05-02 14:49:45 +0000  /var/folders/gh/4qn86l115870rx3nydjgp_rr0000gp/T/XcodeDistPipeline.~~~Fg28Eh/Root/Payload/sneakersUri.app: signed app bundle with Mach-O thin (arm64) [com.appsnado.sneakerCollectors]
1444-05-02 14:49:45 +0000  /usr/bin/codesign exited with 0
1444-05-02 14:49:45 +0000  Processing step: IDEDistributionZipODRItemStep
1444-05-02 14:49:45 +0000  Skipping step: IDEDistributionZipODRItemStep because it said so
1444-05-02 14:49:45 +0000  Processing step: IDEDistributionCreateIPAStep
1444-05-02 14:49:45 +0000  Running /usr/bin/ditto '-V' '-c' '-k' '--norsrc' '/var/folders/gh/4qn86l115870rx3nydjgp_rr0000gp/T/XcodeDistPipeline.~~~Fg28Eh/Root' '/var/folders/gh/4qn86l115870rx3nydjgp_rr0000gp/T/XcodeDistPipeline.~~~Fg28Eh/Packages/sneakersUri.ipa'
1444-05-02 14:49:45 +0000  >>> Copying /var/folders/gh/4qn86l115870rx3nydjgp_rr0000gp/T/XcodeDistPipeline.~~~Fg28Eh/Root 
1444-05-02 14:49:45 +0000  copying file ./Payload/sneakersUri.app/_CodeSignature/CodeResources ... 
1444-05-02 14:49:45 +0000  52891 bytes for ./Payload/sneakersUri.app/_CodeSignature/CodeResources
1444-05-02 14:49:45 +0000  copying file ./Payload/sneakersUri.app/Fontisto.ttf ... 
1444-05-02 14:49:45 +0000  313528 bytes for ./Payload/sneakersUri.app/Fontisto.ttf
copying file ./Payload/sneakersUri.app/Octicons.ttf ... 
1444-05-02 14:49:45 +0000  49404 bytes for ./Payload/sneakersUri.app/Octicons.ttf
1444-05-02 14:49:45 +0000  copying file ./Payload/sneakersUri.app/Feather.ttf ... 
1444-05-02 14:49:45 +0000  56228 bytes for ./Payload/sneakersUri.app/Feather.ttf
copying file ./Payload/sneakersUri.app/sneakersUri ... 
1444-05-02 14:49:45 +0000  4961664 bytes for ./Payload/sneakersUri.app/sneakersUri
1444-05-02 14:49:45 +0000  copying file ./Payload/sneakersUri.app/Entypo.ttf ... 
1444-05-02 14:49:45 +0000  66200 bytes for ./Payload/sneakersUri.app/Entypo.ttf
1444-05-02 14:49:45 +0000  copying file ./Payload/sneakersUri.app/QBImagePicker.bundle/de.lproj/QBImagePicker.strings ... 
1444-05-02 14:49:45 +0000  1131 bytes for ./Payload/sneakersUri.app/QBImagePicker.bundle/de.lproj/QBImagePicker.strings
1444-05-02 14:49:45 +0000  copying file ./Payload/sneakersUri.app/QBImagePicker.bundle/zh-Hans.lproj/QBImagePicker.strings ... 
1444-05-02 14:49:45 +0000  1119 bytes for ./Payload/sneakersUri.app/QBImagePicker.bundle/zh-Hans.lproj/QBImagePicker.strings
1444-05-02 14:49:45 +0000  copying file ./Payload/sneakersUri.app/QBImagePicker.bundle/ja.lproj/QBImagePicker.strings ... 
1444-05-02 14:49:45 +0000  1214 bytes for ./Payload/sneakersUri.app/QBImagePicker.bundle/ja.lproj/QBImagePicker.strings
1444-05-02 14:49:45 +0000  copying file ./Payload/sneakersUri.app/QBImagePicker.bundle/en.lproj/QBImagePicker.strings ... 
1444-05-02 14:49:45 +0000  1064 bytes for ./Payload/sneakersUri.app/QBImagePicker.bundle/en.lproj/QBImagePicker.strings
1444-05-02 14:49:45 +0000  copying file ./Payload/sneakersUri.app/QBImagePicker.bundle/uk.lproj/QBImagePicker.strings ... 
1444-05-02 14:49:45 +0000  1398 bytes for ./Payload/sneakersUri.app/QBImagePicker.bundle/uk.lproj/QBImagePicker.strings
1444-05-02 14:49:45 +0000  copying file ./Payload/sneakersUri.app/QBImagePicker.bundle/QBImagePicker.storyboardc/QiH-NZ-ZGN-view-sD2-zK-ryo.nib/runtime.nib ... 
1444-05-02 14:49:45 +0000  10163 bytes for ./Payload/sneakersUri.app/QBImagePicker.bundle/QBImagePicker.storyboardc/QiH-NZ-ZGN-view-sD2-zK-ryo.nib/runtime.nib
1444-05-02 14:49:45 +0000  copying file ./Payload/sneakersUri.app/QBImagePicker.bundle/QBImagePicker.storyboardc/QiH-NZ-ZGN-view-sD2-zK-ryo.nib/objects-12.3+.nib ... 
1444-05-02 14:49:45 +0000  10390 bytes for ./Payload/sneakersUri.app/QBImagePicker.bundle/QBImagePicker.storyboardc/QiH-NZ-ZGN-view-sD2-zK-ryo.nib/objects-12.3+.nib
1444-05-02 14:49:45 +0000  copying file ./Payload/sneakersUri.app/QBImagePicker.bundle/QBImagePicker.storyboardc/QBAlbumsViewController.nib/runtime.nib ... 
1444-05-02 14:49:45 +0000  1775 bytes for ./Payload/sneakersUri.app/QBImagePicker.bundle/QBImagePicker.storyboardc/QBAlbumsViewController.nib/runtime.nib
1444-05-02 14:49:45 +0000  copying file ./Payload/sneakersUri.app/QBImagePicker.bundle/QBImagePicker.storyboardc/QBAlbumsViewController.nib/objects-12.3+.nib ... 
1444-05-02 14:49:45 +0000  1775 bytes for ./Payload/sneakersUri.app/QBImagePicker.bundle/QBImagePicker.storyboardc/QBAlbumsViewController.nib/objects-12.3+.nib
1444-05-02 14:49:45 +0000  copying file ./Payload/sneakersUri.app/QBImagePicker.bundle/QBImagePicker.storyboardc/QBAssetsViewController.nib/runtime.nib ... 
1444-05-02 14:49:45 +0000  1368 bytes for ./Payload/sneakersUri.app/QBImagePicker.bundle/QBImagePicker.storyboardc/QBAssetsViewController.nib/runtime.nib
copying file ./Payload/sneakersUri.app/QBImagePicker.bundle/QBImagePicker.storyboardc/QBAssetsViewController.nib/objects-12.3+.nib ... 
1444-05-02 14:49:45 +0000  1368 bytes for ./Payload/sneakersUri.app/QBImagePicker.bundle/QBImagePicker.storyboardc/QBAssetsViewController.nib/objects-12.3+.nib
1444-05-02 14:49:45 +0000  copying file ./Payload/sneakersUri.app/QBImagePicker.bundle/QBImagePicker.storyboardc/QL5-wR-LYt-view-66K-TS-Yoc.nib/runtime.nib ... 
1444-05-02 14:49:45 +0000  7159 bytes for ./Payload/sneakersUri.app/QBImagePicker.bundle/QBImagePicker.storyboardc/QL5-wR-LYt-view-66K-TS-Yoc.nib/runtime.nib
1444-05-02 14:49:45 +0000  copying file ./Payload/sneakersUri.app/QBImagePicker.bundle/QBImagePicker.storyboardc/QL5-wR-LYt-view-66K-TS-Yoc.nib/objects-12.3+.nib ... 
1444-05-02 14:49:45 +0000  7159 bytes for ./Payload/sneakersUri.app/QBImagePicker.bundle/QBImagePicker.storyboardc/QL5-wR-LYt-view-66K-TS-Yoc.nib/objects-12.3+.nib
1444-05-02 14:49:45 +0000  copying file ./Payload/sneakersUri.app/QBImagePicker.bundle/QBImagePicker.storyboardc/QBAlbumsNavigationController.nib/runtime.nib ... 
1444-05-02 14:49:45 +0000  2592 bytes for ./Payload/sneakersUri.app/QBImagePicker.bundle/QBImagePicker.storyboardc/QBAlbumsNavigationController.nib/runtime.nib
1444-05-02 14:49:45 +0000  copying file ./Payload/sneakersUri.app/QBImagePicker.bundle/QBImagePicker.storyboardc/QBAlbumsNavigationController.nib/objects-12.3+.nib ... 
1444-05-02 14:49:45 +0000  2592 bytes for ./Payload/sneakersUri.app/QBImagePicker.bundle/QBImagePicker.storyboardc/QBAlbumsNavigationController.nib/objects-12.3+.nib
1444-05-02 14:49:45 +0000  copying file ./Payload/sneakersUri.app/QBImagePicker.bundle/QBImagePicker.storyboardc/Info.plist ... 
1444-05-02 14:49:45 +0000  289 bytes for ./Payload/sneakersUri.app/QBImagePicker.bundle/QBImagePicker.storyboardc/Info.plist
1444-05-02 14:49:45 +0000  copying file ./Payload/sneakersUri.app/QBImagePicker.bundle/es.lproj/QBImagePicker.strings ... 
1113 bytes for ./Payload/sneakersUri.app/QBImagePicker.bundle/es.lproj/QBImagePicker.strings
copying file ./Payload/sneakersUri.app/QBImagePicker.bundle/it.lproj/QBImagePicker.strings ... 
1444-05-02 14:49:45 +0000  1088 bytes for ./Payload/sneakersUri.app/QBImagePicker.bundle/it.lproj/QBImagePicker.strings
copying file ./Payload/sneakersUri.app/QBImagePicker.bundle/sv.lproj/QBImagePicker.strings ... 
1444-05-02 14:49:45 +0000  1082 bytes for ./Payload/sneakersUri.app/QBImagePicker.bundle/sv.lproj/QBImagePicker.strings
1444-05-02 14:49:45 +0000  copying file ./Payload/sneakersUri.app/QBImagePicker.bundle/ko.lproj/QBImagePicker.strings ... 
1444-05-02 14:49:45 +0000  1139 bytes for ./Payload/sneakersUri.app/QBImagePicker.bundle/ko.lproj/QBImagePicker.strings
1444-05-02 14:49:45 +0000  copying file ./Payload/sneakersUri.app/QBImagePicker.bundle/zh-Hant.lproj/QBImagePicker.strings ... 
1444-05-02 14:49:45 +0000  1119 bytes for ./Payload/sneakersUri.app/QBImagePicker.bundle/zh-Hant.lproj/QBImagePicker.strings
1444-05-02 14:49:45 +0000  copying file ./Payload/sneakersUri.app/QBImagePicker.bundle/tr.lproj/QBImagePicker.strings ... 
1444-05-02 14:49:45 +0000  1104 bytes for ./Payload/sneakersUri.app/QBImagePicker.bundle/tr.lproj/QBImagePicker.strings
1444-05-02 14:49:45 +0000  copying file ./Payload/sneakersUri.app/QBImagePicker.bundle/pl.lproj/QBImagePicker.strings ... 
1444-05-02 14:49:45 +0000  1119 bytes for ./Payload/sneakersUri.app/QBImagePicker.bundle/pl.lproj/QBImagePicker.strings
1444-05-02 14:49:45 +0000  copying file ./Payload/sneakersUri.app/QBImagePicker.bundle/ru.lproj/QBImagePicker.strings ... 
1444-05-02 14:49:45 +0000  1433 bytes for ./Payload/sneakersUri.app/QBImagePicker.bundle/ru.lproj/QBImagePicker.strings
1444-05-02 14:49:45 +0000  copying file ./Payload/sneakersUri.app/QBImagePicker.bundle/fr.lproj/QBImagePicker.strings ... 
1444-05-02 14:49:45 +0000  1153 bytes for ./Payload/sneakersUri.app/QBImagePicker.bundle/fr.lproj/QBImagePicker.strings
1444-05-02 14:49:45 +0000  copying file ./Payload/sneakersUri.app/QBImagePicker.bundle/pt.lproj/QBImagePicker.strings ... 
1444-05-02 14:49:45 +0000  1112 bytes for ./Payload/sneakersUri.app/QBImagePicker.bundle/pt.lproj/QBImagePicker.strings
1444-05-02 14:49:45 +0000  copying file ./Payload/sneakersUri.app/QBImagePicker.bundle/ro.lproj/QBImagePicker.strings ... 
1444-05-02 14:49:45 +0000  1127 bytes for ./Payload/sneakersUri.app/QBImagePicker.bundle/ro.lproj/QBImagePicker.strings
1444-05-02 14:49:45 +0000  copying file ./Payload/sneakersUri.app/QBImagePicker.bundle/Info.plist ... 
1444-05-02 14:49:45 +0000  772 bytes for ./Payload/sneakersUri.app/QBImagePicker.bundle/Info.plist
1444-05-02 14:49:45 +0000  copying file ./Payload/sneakersUri.app/FontAwesome5_Brands.ttf ... 
1444-05-02 14:49:45 +0000  134040 bytes for ./Payload/sneakersUri.app/FontAwesome5_Brands.ttf
1444-05-02 14:49:45 +0000  copying file ./Payload/sneakersUri.app/MaterialCommunityIcons.ttf ... 
1444-05-02 14:49:45 +0000  1147844 bytes for ./Payload/sneakersUri.app/MaterialCommunityIcons.ttf
1444-05-02 14:49:45 +0000  copying file ./Payload/sneakersUri.app/AntDesign.ttf ... 
1444-05-02 14:49:45 +0000  70344 bytes for ./Payload/sneakersUri.app/AntDesign.ttf
1444-05-02 14:49:45 +0000  copying file ./Payload/sneakersUri.app/Foundation.ttf ... 
1444-05-02 14:49:45 +0000  56976 bytes for ./Payload/sneakersUri.app/Foundation.ttf
1444-05-02 14:49:45 +0000  copying file ./Payload/sneakersUri.app/Ionicons.ttf ... 
1444-05-02 14:49:45 +0000  247192 bytes for ./Payload/sneakersUri.app/Ionicons.ttf
1444-05-02 14:49:45 +0000  copying file ./Payload/sneakersUri.app/FontAwesome5_Solid.ttf ... 
1444-05-02 14:49:45 +0000  202744 bytes for ./Payload/sneakersUri.app/FontAwesome5_Solid.ttf
1444-05-02 14:49:45 +0000  copying file ./Payload/sneakersUri.app/FontAwesome5_Regular.ttf ... 
1444-05-02 14:49:45 +0000  33736 bytes for ./Payload/sneakersUri.app/FontAwesome5_Regular.ttf
1444-05-02 14:49:45 +0000  copying file ./Payload/sneakersUri.app/AccessibilityResources.bundle/en.lproj/Localizable.strings ... 
1444-05-02 14:49:45 +0000  518 bytes for ./Payload/sneakersUri.app/AccessibilityResources.bundle/en.lproj/Localizable.strings
1444-05-02 14:49:45 +0000  copying file ./Payload/sneakersUri.app/AccessibilityResources.bundle/Info.plist ... 
1444-05-02 14:49:45 +0000  792 bytes for ./Payload/sneakersUri.app/AccessibilityResources.bundle/Info.plist
1444-05-02 14:49:45 +0000  copying file ./Payload/sneakersUri.app/FontAwesome.ttf ... 
1444-05-02 14:49:45 +0000  165548 bytes for ./Payload/sneakersUri.app/FontAwesome.ttf
1444-05-02 14:49:45 +0000  copying file ./Payload/sneakersUri.app/Zocial.ttf ... 
1444-05-02 14:49:45 +0000  25788 bytes for ./Payload/sneakersUri.app/Zocial.ttf
1444-05-02 14:49:45 +0000  copying file ./Payload/sneakersUri.app/Assets.car ... 
1444-05-02 14:49:45 +0000  1267663 bytes for ./Payload/sneakersUri.app/Assets.car
1444-05-02 14:49:45 +0000  copying file ./Payload/sneakersUri.app/EvilIcons.ttf ... 
1444-05-02 14:49:45 +0000  13456 bytes for ./Payload/sneakersUri.app/EvilIcons.ttf
1444-05-02 14:49:45 +0000  copying file ./Payload/sneakersUri.app/main.jsbundle ... 
1444-05-02 14:49:45 +0000  2282968 bytes for ./Payload/sneakersUri.app/main.jsbundle
1444-05-02 14:49:45 +0000  copying file ./Payload/sneakersUri.app/LaunchScreen.storyboardc/01J-lp-oVM-view-wPE-wz-zRZ.nib ... 
1444-05-02 14:49:45 +0000  1141 bytes for ./Payload/sneakersUri.app/LaunchScreen.storyboardc/01J-lp-oVM-view-wPE-wz-zRZ.nib
1444-05-02 14:49:45 +0000  copying file ./Payload/sneakersUri.app/LaunchScreen.storyboardc/UIViewController-01J-lp-oVM.nib ... 
1444-05-02 14:49:45 +0000  896 bytes for ./Payload/sneakersUri.app/LaunchScreen.storyboardc/UIViewController-01J-lp-oVM.nib
1444-05-02 14:49:45 +0000  copying file ./Payload/sneakersUri.app/LaunchScreen.storyboardc/Info.plist ... 
258 bytes for ./Payload/sneakersUri.app/LaunchScreen.storyboardc/Info.plist
1444-05-02 14:49:45 +0000  copying file ./Payload/sneakersUri.app/TOCropViewControllerBundle.bundle/de.lproj/TOCropViewControllerLocalizable.strings ... 
1444-05-02 14:49:45 +0000  189 bytes for ./Payload/sneakersUri.app/TOCropViewControllerBundle.bundle/de.lproj/TOCropViewControllerLocalizable.strings
1444-05-02 14:49:45 +0000  copying file ./Payload/sneakersUri.app/TOCropViewControllerBundle.bundle/ar.lproj/TOCropViewControllerLocalizable.strings ... 
1444-05-02 14:49:45 +0000  207 bytes for ./Payload/sneakersUri.app/TOCropViewControllerBundle.bundle/ar.lproj/TOCropViewControllerLocalizable.strings
1444-05-02 14:49:45 +0000  copying file ./Payload/sneakersUri.app/TOCropViewControllerBundle.bundle/zh-Hans.lproj/TOCropViewControllerLocalizable.strings ... 
1444-05-02 14:49:45 +0000  172 bytes for ./Payload/sneakersUri.app/TOCropViewControllerBundle.bundle/zh-Hans.lproj/TOCropViewControllerLocalizable.strings
1444-05-02 14:49:45 +0000  copying file ./Payload/sneakersUri.app/TOCropViewControllerBundle.bundle/ja.lproj/TOCropViewControllerLocalizable.strings ... 
1444-05-02 14:49:45 +0000  210 bytes for ./Payload/sneakersUri.app/TOCropViewControllerBundle.bundle/ja.lproj/TOCropViewControllerLocalizable.strings
1444-05-02 14:49:45 +0000  copying file ./Payload/sneakersUri.app/TOCropViewControllerBundle.bundle/fa.lproj/TOCropViewControllerLocalizable.strings ... 
1444-05-02 14:49:45 +0000  210 bytes for ./Payload/sneakersUri.app/TOCropViewControllerBundle.bundle/fa.lproj/TOCropViewControllerLocalizable.strings
1444-05-02 14:49:45 +0000  copying file ./Payload/sneakersUri.app/TOCropViewControllerBundle.bundle/en.lproj/TOCropViewControllerLocalizable.strings ... 
168 bytes for ./Payload/sneakersUri.app/TOCropViewControllerBundle.bundle/en.lproj/TOCropViewControllerLocalizable.strings
copying file ./Payload/sneakersUri.app/TOCropViewControllerBundle.bundle/es.lproj/TOCropViewControllerLocalizable.strings ... 
1444-05-02 14:49:45 +0000  179 bytes for ./Payload/sneakersUri.app/TOCropViewControllerBundle.bundle/es.lproj/TOCropViewControllerLocalizable.strings
1444-05-02 14:49:45 +0000  copying file ./Payload/sneakersUri.app/TOCropViewControllerBundle.bundle/it.lproj/TOCropViewControllerLocalizable.strings ... 
1444-05-02 14:49:45 +0000  181 bytes for ./Payload/sneakersUri.app/TOCropViewControllerBundle.bundle/it.lproj/TOCropViewControllerLocalizable.strings
1444-05-02 14:49:45 +0000  copying file ./Payload/sneakersUri.app/TOCropViewControllerBundle.bundle/sk.lproj/TOCropViewControllerLocalizable.strings ... 
1444-05-02 14:49:45 +0000  176 bytes for ./Payload/sneakersUri.app/TOCropViewControllerBundle.bundle/sk.lproj/TOCropViewControllerLocalizable.strings
1444-05-02 14:49:45 +0000  copying file ./Payload/sneakersUri.app/TOCropViewControllerBundle.bundle/ms.lproj/TOCropViewControllerLocalizable.strings ... 
1444-05-02 14:49:45 +0000  173 bytes for ./Payload/sneakersUri.app/TOCropViewControllerBundle.bundle/ms.lproj/TOCropViewControllerLocalizable.strings
1444-05-02 14:49:45 +0000  copying file ./Payload/sneakersUri.app/TOCropViewControllerBundle.bundle/cs.lproj/TOCropViewControllerLocalizable.strings ... 
173 bytes for ./Payload/sneakersUri.app/TOCropViewControllerBundle.bundle/cs.lproj/TOCropViewControllerLocalizable.strings
1444-05-02 14:49:45 +0000  copying file ./Payload/sneakersUri.app/TOCropViewControllerBundle.bundle/ko.lproj/TOCropViewControllerLocalizable.strings ... 
1444-05-02 14:49:45 +0000  187 bytes for ./Payload/sneakersUri.app/TOCropViewControllerBundle.bundle/ko.lproj/TOCropViewControllerLocalizable.strings
copying file ./Payload/sneakersUri.app/TOCropViewControllerBundle.bundle/Base.lproj/TOCropViewControllerLocalizable.strings ... 
1444-05-02 14:49:45 +0000  168 bytes for ./Payload/sneakersUri.app/TOCropViewControllerBundle.bundle/Base.lproj/TOCropViewControllerLocalizable.strings
1444-05-02 14:49:45 +0000  copying file ./Payload/sneakersUri.app/TOCropViewControllerBundle.bundle/zh-Hant.lproj/TOCropViewControllerLocalizable.strings ... 
1444-05-02 14:49:45 +0000  175 bytes for ./Payload/sneakersUri.app/TOCropViewControllerBundle.bundle/zh-Hant.lproj/TOCropViewControllerLocalizable.strings
1444-05-02 14:49:45 +0000  copying file ./Payload/sneakersUri.app/TOCropViewControllerBundle.bundle/fa-IR.lproj/TOCropViewControllerLocalizable.strings ... 
1444-05-02 14:49:45 +0000  210 bytes for ./Payload/sneakersUri.app/TOCropViewControllerBundle.bundle/fa-IR.lproj/TOCropViewControllerLocalizable.strings
copying file ./Payload/sneakersUri.app/TOCropViewControllerBundle.bundle/hu.lproj/TOCropViewControllerLocalizable.strings ... 
1444-05-02 14:49:45 +0000  194 bytes for ./Payload/sneakersUri.app/TOCropViewControllerBundle.bundle/hu.lproj/TOCropViewControllerLocalizable.strings
1444-05-02 14:49:45 +0000  copying file ./Payload/sneakersUri.app/TOCropViewControllerBundle.bundle/da-DK.lproj/TOCropViewControllerLocalizable.strings ... 
1444-05-02 14:49:45 +0000  174 bytes for ./Payload/sneakersUri.app/TOCropViewControllerBundle.bundle/da-DK.lproj/TOCropViewControllerLocalizable.strings
1444-05-02 14:49:45 +0000  copying file ./Payload/sneakersUri.app/TOCropViewControllerBundle.bundle/tr.lproj/TOCropViewControllerLocalizable.strings ... 
1444-05-02 14:49:45 +0000  183 bytes for ./Payload/sneakersUri.app/TOCropViewControllerBundle.bundle/tr.lproj/TOCropViewControllerLocalizable.strings
1444-05-02 14:49:45 +0000  copying file ./Payload/sneakersUri.app/TOCropViewControllerBundle.bundle/pl.lproj/TOCropViewControllerLocalizable.strings ... 
1444-05-02 14:49:45 +0000  171 bytes for ./Payload/sneakersUri.app/TOCropViewControllerBundle.bundle/pl.lproj/TOCropViewControllerLocalizable.strings
1444-05-02 14:49:45 +0000  copying file ./Payload/sneakersUri.app/TOCropViewControllerBundle.bundle/pt-BR.lproj/TOCropViewControllerLocalizable.strings ... 
1444-05-02 14:49:45 +0000  181 bytes for ./Payload/sneakersUri.app/TOCropViewControllerBundle.bundle/pt-BR.lproj/TOCropViewControllerLocalizable.strings
1444-05-02 14:49:45 +0000  copying file ./Payload/sneakersUri.app/TOCropViewControllerBundle.bundle/vi.lproj/TOCropViewControllerLocalizable.strings ... 
1444-05-02 14:49:45 +0000  178 bytes for ./Payload/sneakersUri.app/TOCropViewControllerBundle.bundle/vi.lproj/TOCropViewControllerLocalizable.strings
1444-05-02 14:49:45 +0000  copying file ./Payload/sneakersUri.app/TOCropViewControllerBundle.bundle/ru.lproj/TOCropViewControllerLocalizable.strings ... 
1444-05-02 14:49:45 +0000  237 bytes for ./Payload/sneakersUri.app/TOCropViewControllerBundle.bundle/ru.lproj/TOCropViewControllerLocalizable.strings
1444-05-02 14:49:45 +0000  copying file ./Payload/sneakersUri.app/TOCropViewControllerBundle.bundle/fr.lproj/TOCropViewControllerLocalizable.strings ... 
193 bytes for ./Payload/sneakersUri.app/TOCropViewControllerBundle.bundle/fr.lproj/TOCropViewControllerLocalizable.strings
copying file ./Payload/sneakersUri.app/TOCropViewControllerBundle.bundle/fi.lproj/TOCropViewControllerLocalizable.strings ... 
1444-05-02 14:49:45 +0000  179 bytes for ./Payload/sneakersUri.app/TOCropViewControllerBundle.bundle/fi.lproj/TOCropViewControllerLocalizable.strings
copying file ./Payload/sneakersUri.app/TOCropViewControllerBundle.bundle/id.lproj/TOCropViewControllerLocalizable.strings ... 
1444-05-02 14:49:45 +0000  178 bytes for ./Payload/sneakersUri.app/TOCropViewControllerBundle.bundle/id.lproj/TOCropViewControllerLocalizable.strings
1444-05-02 14:49:45 +0000  copying file ./Payload/sneakersUri.app/TOCropViewControllerBundle.bundle/nl.lproj/TOCropViewControllerLocalizable.strings ... 
1444-05-02 14:49:45 +0000  178 bytes for ./Payload/sneakersUri.app/TOCropViewControllerBundle.bundle/nl.lproj/TOCropViewControllerLocalizable.strings
1444-05-02 14:49:45 +0000  copying file ./Payload/sneakersUri.app/TOCropViewControllerBundle.bundle/pt.lproj/TOCropViewControllerLocalizable.strings ... 
1444-05-02 14:49:45 +0000  181 bytes for ./Payload/sneakersUri.app/TOCropViewControllerBundle.bundle/pt.lproj/TOCropViewControllerLocalizable.strings
1444-05-02 14:49:45 +0000  copying file ./Payload/sneakersUri.app/TOCropViewControllerBundle.bundle/ro.lproj/TOCropViewControllerLocalizable.strings ... 
1444-05-02 14:49:45 +0000  181 bytes for ./Payload/sneakersUri.app/TOCropViewControllerBundle.bundle/ro.lproj/TOCropViewControllerLocalizable.strings
copying file ./Payload/sneakersUri.app/TOCropViewControllerBundle.bundle/Info.plist ... 
799 bytes for ./Payload/sneakersUri.app/TOCropViewControllerBundle.bundle/Info.plist
1444-05-02 14:49:45 +0000  copying file ./Payload/sneakersUri.app/TOCropViewControllerBundle.bundle/ca.lproj/TOCropViewControllerLocalizable.strings ... 
1444-05-02 14:49:45 +0000  177 bytes for ./Payload/sneakersUri.app/TOCropViewControllerBundle.bundle/ca.lproj/TOCropViewControllerLocalizable.strings
1444-05-02 14:49:45 +0000  copying file ./Payload/sneakersUri.app/SimpleLineIcons.ttf ... 
1444-05-02 14:49:45 +0000  54056 bytes for ./Payload/sneakersUri.app/SimpleLineIcons.ttf
1444-05-02 14:49:45 +0000  copying file ./Payload/sneakersUri.app/embedded.mobileprovision ... 
1444-05-02 14:49:45 +0000  99961 bytes for ./Payload/sneakersUri.app/embedded.mobileprovision
1444-05-02 14:49:45 +0000  copying file ./Payload/sneakersUri.app/assets/node_modules/react-native-wheel-color-picker/assets/graphics/ui/black-gradient.png ... 
1444-05-02 14:49:45 +0000  895 bytes for ./Payload/sneakersUri.app/assets/node_modules/react-native-wheel-color-picker/assets/graphics/ui/black-gradient.png
copying file ./Payload/sneakersUri.app/assets/node_modules/react-native-wheel-color-picker/assets/graphics/ui/black-gradient-rotated.png ... 
1444-05-02 14:49:45 +0000  3363 bytes for ./Payload/sneakersUri.app/assets/node_modules/react-native-wheel-color-picker/assets/graphics/ui/black-gradient-rotated.png
1444-05-02 14:49:45 +0000  copying file ./Payload/sneakersUri.app/assets/node_modules/react-native-wheel-color-picker/assets/graphics/ui/color-wheel.png ... 
1444-05-02 14:49:46 +0000  202076 bytes for ./Payload/sneakersUri.app/assets/node_modules/react-native-wheel-color-picker/assets/graphics/ui/color-wheel.png
1444-05-02 14:49:46 +0000  copying file ./Payload/sneakersUri.app/assets/node_modules/@react-navigation/drawer/src/views/assets/toggle-drawer-icon@3x.png ... 
1444-05-02 14:49:46 +0000  212 bytes for ./Payload/sneakersUri.app/assets/node_modules/@react-navigation/drawer/src/views/assets/toggle-drawer-icon@3x.png
1444-05-02 14:49:46 +0000  copying file ./Payload/sneakersUri.app/assets/node_modules/@react-navigation/drawer/src/views/assets/toggle-drawer-icon@2x.png ... 
163 bytes for ./Payload/sneakersUri.app/assets/node_modules/@react-navigation/drawer/src/views/assets/toggle-drawer-icon@2x.png
1444-05-02 14:49:46 +0000  copying file ./Payload/sneakersUri.app/assets/node_modules/@react-navigation/drawer/src/views/assets/toggle-drawer-icon.png ... 
1444-05-02 14:49:46 +0000  108 bytes for ./Payload/sneakersUri.app/assets/node_modules/@react-navigation/drawer/src/views/assets/toggle-drawer-icon.png
1444-05-02 14:49:46 +0000  copying file ./Payload/sneakersUri.app/assets/node_modules/@react-navigation/elements/src/assets/back-icon@3x.png ... 
1444-05-02 14:49:46 +0000  761 bytes for ./Payload/sneakersUri.app/assets/node_modules/@react-navigation/elements/src/assets/back-icon@3x.png
1444-05-02 14:49:46 +0000  copying file ./Payload/sneakersUri.app/assets/node_modules/@react-navigation/elements/src/assets/back-icon@2x.png ... 
405 bytes for ./Payload/sneakersUri.app/assets/node_modules/@react-navigation/elements/src/assets/back-icon@2x.png
1444-05-02 14:49:46 +0000  copying file ./Payload/sneakersUri.app/assets/node_modules/@react-navigation/elements/src/assets/back-icon.png ... 
290 bytes for ./Payload/sneakersUri.app/assets/node_modules/@react-navigation/elements/src/assets/back-icon.png
1444-05-02 14:49:46 +0000  copying file ./Payload/sneakersUri.app/assets/node_modules/@react-navigation/elements/src/assets/back-icon-mask.png ... 
1444-05-02 14:49:46 +0000  913 bytes for ./Payload/sneakersUri.app/assets/node_modules/@react-navigation/elements/src/assets/back-icon-mask.png
1444-05-02 14:49:46 +0000  copying file ./Payload/sneakersUri.app/assets/src/assets/image/favouriteTwo.png ... 
1444-05-02 14:49:46 +0000  11177 bytes for ./Payload/sneakersUri.app/assets/src/assets/image/favouriteTwo.png
1444-05-02 14:49:46 +0000  copying file ./Payload/sneakersUri.app/assets/src/assets/image/checkOutfitTwo.png ... 
1444-05-02 14:49:46 +0000  278663 bytes for ./Payload/sneakersUri.app/assets/src/assets/image/checkOutfitTwo.png
1444-05-02 14:49:46 +0000  copying file ./Payload/sneakersUri.app/assets/src/assets/image/appLogo.png ... 
1444-05-02 14:49:46 +0000  349611 bytes for ./Payload/sneakersUri.app/assets/src/assets/image/appLogo.png
1444-05-02 14:49:46 +0000  copying file ./Payload/sneakersUri.app/assets/src/assets/image/groupImageTwo.png ... 
1444-05-02 14:49:46 +0000  55464 bytes for ./Payload/sneakersUri.app/assets/src/assets/image/groupImageTwo.png
1444-05-02 14:49:46 +0000  copying file ./Payload/sneakersUri.app/assets/src/assets/image/groupImageSix.png ... 
1444-05-02 14:49:46 +0000  120518 bytes for ./Payload/sneakersUri.app/assets/src/assets/image/groupImageSix.png
1444-05-02 14:49:46 +0000  copying file ./Payload/sneakersUri.app/assets/src/assets/image/groupChatOne.png ... 
1444-05-02 14:49:46 +0000  23003 bytes for ./Payload/sneakersUri.app/assets/src/assets/image/groupChatOne.png
1444-05-02 14:49:46 +0000  copying file ./Payload/sneakersUri.app/assets/src/assets/image/notificationImage1.png ... 
1444-05-02 14:49:46 +0000  11003 bytes for ./Payload/sneakersUri.app/assets/src/assets/image/notificationImage1.png
1444-05-02 14:49:46 +0000  copying file ./Payload/sneakersUri.app/assets/src/assets/image/notificationImage3.png ... 
1444-05-02 14:49:46 +0000  11496 bytes for ./Payload/sneakersUri.app/assets/src/assets/image/notificationImage3.png
1444-05-02 14:49:46 +0000  copying file ./Payload/sneakersUri.app/assets/src/assets/image/notificationImage2.png ... 
1444-05-02 14:49:46 +0000  19261 bytes for ./Payload/sneakersUri.app/assets/src/assets/image/notificationImage2.png
1444-05-02 14:49:46 +0000  copying file ./Payload/sneakersUri.app/assets/src/assets/image/groupCover.png ... 
1444-05-02 14:49:46 +0000  269467 bytes for ./Payload/sneakersUri.app/assets/src/assets/image/groupCover.png
1444-05-02 14:49:46 +0000  copying file ./Payload/sneakersUri.app/assets/src/assets/image/notificationImage6.png ... 
1444-05-02 14:49:46 +0000  21216 bytes for ./Payload/sneakersUri.app/assets/src/assets/image/notificationImage6.png
1444-05-02 14:49:46 +0000  copying file ./Payload/sneakersUri.app/assets/src/assets/image/notificationImage7.png ... 
1444-05-02 14:49:46 +0000  22215 bytes for ./Payload/sneakersUri.app/assets/src/assets/image/notificationImage7.png
1444-05-02 14:49:46 +0000  copying file ./Payload/sneakersUri.app/assets/src/assets/image/groupImageFive.png ... 
1444-05-02 14:49:46 +0000  103603 bytes for ./Payload/sneakersUri.app/assets/src/assets/image/groupImageFive.png
1444-05-02 14:49:46 +0000  copying file ./Payload/sneakersUri.app/assets/src/assets/image/notificationImage5.png ... 
1444-05-02 14:49:46 +0000  22035 bytes for ./Payload/sneakersUri.app/assets/src/assets/image/notificationImage5.png
1444-05-02 14:49:46 +0000  copying file ./Payload/sneakersUri.app/assets/src/assets/image/notificationImage4.png ... 
1444-05-02 14:49:46 +0000  9782 bytes for ./Payload/sneakersUri.app/assets/src/assets/image/notificationImage4.png
1444-05-02 14:49:46 +0000  copying file ./Payload/sneakersUri.app/assets/src/assets/image/groupChatFive.png ... 
1444-05-02 14:49:46 +0000  22536 bytes for ./Payload/sneakersUri.app/assets/src/assets/image/groupChatFive.png
1444-05-02 14:49:46 +0000  copying file ./Payload/sneakersUri.app/assets/src/assets/image/groupImageThree.png ... 
1444-05-02 14:49:46 +0000  81445 bytes for ./Payload/sneakersUri.app/assets/src/assets/image/groupImageThree.png
1444-05-02 14:49:46 +0000  copying file ./Payload/sneakersUri.app/assets/src/assets/image/groupChatTwo.png ... 
1444-05-02 14:49:46 +0000  20303 bytes for ./Payload/sneakersUri.app/assets/src/assets/image/groupChatTwo.png
copying file ./Payload/sneakersUri.app/assets/src/assets/image/BackgroundImage.jpg ... 
1444-05-02 14:49:46 +0000  167901 bytes for ./Payload/sneakersUri.app/assets/src/assets/image/BackgroundImage.jpg
1444-05-02 14:49:46 +0000  copying file ./Payload/sneakersUri.app/assets/src/assets/image/shoes.png ... 
1444-05-02 14:49:46 +0000  70097 bytes for ./Payload/sneakersUri.app/assets/src/assets/image/shoes.png
1444-05-02 14:49:46 +0000  copying file ./Payload/sneakersUri.app/assets/src/assets/image/groupImageFour.png ... 
1444-05-02 14:49:46 +0000  78746 bytes for ./Payload/sneakersUri.app/assets/src/assets/image/groupImageFour.png
1444-05-02 14:49:46 +0000  copying file ./Payload/sneakersUri.app/assets/src/assets/image/groupChatFour.png ... 
1444-05-02 14:49:46 +0000  19261 bytes for ./Payload/sneakersUri.app/assets/src/assets/image/groupChatFour.png
copying file ./Payload/sneakersUri.app/assets/src/assets/image/profile.png ... 
1444-05-02 14:49:46 +0000  151658 bytes for ./Payload/sneakersUri.app/assets/src/assets/image/profile.png
1444-05-02 14:49:46 +0000  copying file ./Payload/sneakersUri.app/assets/src/assets/image/tabbar.png ... 
1444-05-02 14:49:46 +0000  19111 bytes for ./Payload/sneakersUri.app/assets/src/assets/image/tabbar.png
1444-05-02 14:49:46 +0000  copying file ./Payload/sneakersUri.app/assets/src/assets/image/groupChatThree.png ... 
1444-05-02 14:49:46 +0000  23340 bytes for ./Payload/sneakersUri.app/assets/src/assets/image/groupChatThree.png
1444-05-02 14:49:46 +0000  copying file ./Payload/sneakersUri.app/assets/src/assets/image/favouriteOne.png ... 
1444-05-02 14:49:46 +0000  12581 bytes for ./Payload/sneakersUri.app/assets/src/assets/image/favouriteOne.png
1444-05-02 14:49:46 +0000  copying file ./Payload/sneakersUri.app/assets/src/assets/image/groupImageOne.png ... 
1444-05-02 14:49:46 +0000  67361 bytes for ./Payload/sneakersUri.app/assets/src/assets/image/groupImageOne.png
1444-05-02 14:49:46 +0000  copying file ./Payload/sneakersUri.app/assets/src/assets/image/checkOutfitOne.png ... 
1444-05-02 14:49:46 +0000  418224 bytes for ./Payload/sneakersUri.app/assets/src/assets/image/checkOutfitOne.png
1444-05-02 14:49:46 +0000  copying file ./Payload/sneakersUri.app/assets/src/assets/icons/info.png ... 
1444-05-02 14:49:46 +0000  2321 bytes for ./Payload/sneakersUri.app/assets/src/assets/icons/info.png
copying file ./Payload/sneakersUri.app/assets/src/assets/icons/email.png ... 
1444-05-02 14:49:46 +0000  1139 bytes for ./Payload/sneakersUri.app/assets/src/assets/icons/email.png
1444-05-02 14:49:46 +0000  copying file ./Payload/sneakersUri.app/assets/src/assets/icons/plus.png ... 
1444-05-02 14:49:46 +0000  1428 bytes for ./Payload/sneakersUri.app/assets/src/assets/icons/plus.png
copying file ./Payload/sneakersUri.app/assets/src/assets/icons/eyeNot.png ... 
1444-05-02 14:49:46 +0000  1561 bytes for ./Payload/sneakersUri.app/assets/src/assets/icons/eyeNot.png
1444-05-02 14:49:46 +0000  copying file ./Payload/sneakersUri.app/assets/src/assets/icons/postThree.png ... 
1444-05-02 14:49:46 +0000  18906 bytes for ./Payload/sneakersUri.app/assets/src/assets/icons/postThree.png
1444-05-02 14:49:46 +0000  copying file ./Payload/sneakersUri.app/assets/src/assets/icons/Lock.png ... 
1444-05-02 14:49:46 +0000  1324 bytes for ./Payload/sneakersUri.app/assets/src/assets/icons/Lock.png
1444-05-02 14:49:46 +0000  copying file ./Payload/sneakersUri.app/assets/src/assets/icons/address.png ... 
1444-05-02 14:49:46 +0000  1479 bytes for ./Payload/sneakersUri.app/assets/src/assets/icons/address.png
1444-05-02 14:49:46 +0000  copying file ./Payload/sneakersUri.app/assets/src/assets/icons/groupWithBackground.png ... 
1444-05-02 14:49:46 +0000  3362 bytes for ./Payload/sneakersUri.app/assets/src/assets/icons/groupWithBackground.png
copying file ./Payload/sneakersUri.app/assets/src/assets/icons/power.png ... 
1444-05-02 14:49:46 +0000  1814 bytes for ./Payload/sneakersUri.app/assets/src/assets/icons/power.png
copying file ./Payload/sneakersUri.app/assets/src/assets/icons/homeNoBackground.png ... 
1444-05-02 14:49:46 +0000  1124 bytes for ./Payload/sneakersUri.app/assets/src/assets/icons/homeNoBackground.png
1444-05-02 14:49:46 +0000  copying file ./Payload/sneakersUri.app/assets/src/assets/icons/postTwo.png ... 
1444-05-02 14:49:46 +0000  21322 bytes for ./Payload/sneakersUri.app/assets/src/assets/icons/postTwo.png
1444-05-02 14:49:46 +0000  copying file ./Payload/sneakersUri.app/assets/src/assets/icons/groupNoBackground.png ... 
1444-05-02 14:49:46 +0000  3400 bytes for ./Payload/sneakersUri.app/assets/src/assets/icons/groupNoBackground.png
copying file ./Payload/sneakersUri.app/assets/src/assets/icons/user.png ... 
1444-05-02 14:49:46 +0000  1510 bytes for ./Payload/sneakersUri.app/assets/src/assets/icons/user.png
copying file ./Payload/sneakersUri.app/assets/src/assets/icons/dots.png ... 
1444-05-02 14:49:46 +0000  388 bytes for ./Payload/sneakersUri.app/assets/src/assets/icons/dots.png
1444-05-02 14:49:46 +0000  copying file ./Payload/sneakersUri.app/assets/src/assets/icons/heart.png ... 
1444-05-02 14:49:46 +0000  1966 bytes for ./Payload/sneakersUri.app/assets/src/assets/icons/heart.png
copying file ./Payload/sneakersUri.app/assets/src/assets/icons/apple.png ... 
1444-05-02 14:49:46 +0000  1548 bytes for ./Payload/sneakersUri.app/assets/src/assets/icons/apple.png
copying file ./Payload/sneakersUri.app/assets/src/assets/icons/menu.png ... 
1444-05-02 14:49:46 +0000  669 bytes for ./Payload/sneakersUri.app/assets/src/assets/icons/menu.png
copying file ./Payload/sneakersUri.app/assets/src/assets/icons/postOne.png ... 
1444-05-02 14:49:46 +0000  19261 bytes for ./Payload/sneakersUri.app/assets/src/assets/icons/postOne.png
1444-05-02 14:49:46 +0000  copying file ./Payload/sneakersUri.app/assets/src/assets/icons/upload.png ... 
1444-05-02 14:49:46 +0000  772 bytes for ./Payload/sneakersUri.app/assets/src/assets/icons/upload.png
copying file ./Payload/sneakersUri.app/assets/src/assets/icons/comment.png ... 
1444-05-02 14:49:46 +0000  1616 bytes for ./Payload/sneakersUri.app/assets/src/assets/icons/comment.png
1444-05-02 14:49:46 +0000  copying file ./Payload/sneakersUri.app/assets/src/assets/icons/google-plus.png ... 
1444-05-02 14:49:46 +0000  597 bytes for ./Payload/sneakersUri.app/assets/src/assets/icons/google-plus.png
copying file ./Payload/sneakersUri.app/assets/src/assets/icons/termsConditions.png ... 
1444-05-02 14:49:46 +0000  651 bytes for ./Payload/sneakersUri.app/assets/src/assets/icons/termsConditions.png
1444-05-02 14:49:46 +0000  copying file ./Payload/sneakersUri.app/assets/src/assets/icons/eye.png ... 
1444-05-02 14:49:46 +0000  1626 bytes for ./Payload/sneakersUri.app/assets/src/assets/icons/eye.png
copying file ./Payload/sneakersUri.app/assets/src/assets/icons/postAttachment.png ... 
1444-05-02 14:49:46 +0000  1591 bytes for ./Payload/sneakersUri.app/assets/src/assets/icons/postAttachment.png
copying file ./Payload/sneakersUri.app/assets/src/assets/icons/phone.png ... 
1444-05-02 14:49:46 +0000  2107 bytes for ./Payload/sneakersUri.app/assets/src/assets/icons/phone.png
1444-05-02 14:49:46 +0000  copying file ./Payload/sneakersUri.app/assets/src/assets/icons/edit.png ... 
1444-05-02 14:49:46 +0000  939 bytes for ./Payload/sneakersUri.app/assets/src/assets/icons/edit.png
copying file ./Payload/sneakersUri.app/assets/src/assets/icons/star.png ... 
1444-05-02 14:49:46 +0000  1544 bytes for ./Payload/sneakersUri.app/assets/src/assets/icons/star.png
1444-05-02 14:49:46 +0000  copying file ./Payload/sneakersUri.app/assets/src/assets/icons/trash.png ... 
1444-05-02 14:49:46 +0000  7385 bytes for ./Payload/sneakersUri.app/assets/src/assets/icons/trash.png
1444-05-02 14:49:46 +0000  copying file ./Payload/sneakersUri.app/assets/src/assets/icons/categories.png ... 
1444-05-02 14:49:46 +0000  826 bytes for ./Payload/sneakersUri.app/assets/src/assets/icons/categories.png
copying file ./Payload/sneakersUri.app/assets/src/assets/icons/caretDown.png ... 
1444-05-02 14:49:46 +0000  301 bytes for ./Payload/sneakersUri.app/assets/src/assets/icons/caretDown.png
1444-05-02 14:49:46 +0000  copying file ./Payload/sneakersUri.app/assets/src/assets/icons/facebook.png ... 
508 bytes for ./Payload/sneakersUri.app/assets/src/assets/icons/facebook.png
1444-05-02 14:49:46 +0000  copying file ./Payload/sneakersUri.app/assets/src/assets/icons/notification.png ... 
1444-05-02 14:49:46 +0000  1664 bytes for ./Payload/sneakersUri.app/assets/src/assets/icons/notification.png
copying file ./Payload/sneakersUri.app/assets/src/assets/icons/userPlaceholder.png ... 
1444-05-02 14:49:46 +0000  29079 bytes for ./Payload/sneakersUri.app/assets/src/assets/icons/userPlaceholder.png
1444-05-02 14:49:46 +0000  copying file ./Payload/sneakersUri.app/assets/src/assets/icons/send.png ... 
1444-05-02 14:49:46 +0000  2440 bytes for ./Payload/sneakersUri.app/assets/src/assets/icons/send.png
copying file ./Payload/sneakersUri.app/assets/src/assets/icons/checkOutfitWithBackground.png ... 
1444-05-02 14:49:46 +0000  1912 bytes for ./Payload/sneakersUri.app/assets/src/assets/icons/checkOutfitWithBackground.png
1444-05-02 14:49:46 +0000  copying file ./Payload/sneakersUri.app/assets/src/assets/icons/back.png ... 
1444-05-02 14:49:46 +0000  1033 bytes for ./Payload/sneakersUri.app/assets/src/assets/icons/back.png
copying file ./Payload/sneakersUri.app/assets/src/assets/icons/backIcon.png ... 
1444-05-02 14:49:46 +0000  1542 bytes for ./Payload/sneakersUri.app/assets/src/assets/icons/backIcon.png
1444-05-02 14:49:46 +0000  copying file ./Payload/sneakersUri.app/assets/src/assets/icons/homeWithBackground.png ... 
1444-05-02 14:49:46 +0000  1088 bytes for ./Payload/sneakersUri.app/assets/src/assets/icons/homeWithBackground.png
copying file ./Payload/sneakersUri.app/assets/src/assets/icons/uploadGray.png ... 
1444-05-02 14:49:46 +0000  1731 bytes for ./Payload/sneakersUri.app/assets/src/assets/icons/uploadGray.png
1444-05-02 14:49:46 +0000  copying file ./Payload/sneakersUri.app/Info.plist ... 
1444-05-02 14:49:46 +0000  2100 bytes for ./Payload/sneakersUri.app/Info.plist
copying file ./Payload/sneakersUri.app/PkgInfo ... 
1444-05-02 14:49:46 +0000  8 bytes for ./Payload/sneakersUri.app/PkgInfo
copying file ./Payload/sneakersUri.app/MaterialIcons.ttf ... 
1444-05-02 14:49:46 +0000  230384 bytes for ./Payload/sneakersUri.app/MaterialIcons.ttf
1444-05-02 14:49:46 +0000  /usr/bin/ditto exited with 0
1444-05-02 14:49:46 +0000  Processing step: IDEDistributionAppStoreInformationStep
1444-05-02 14:49:46 +0000  Skipping step: IDEDistributionAppStoreInformationStep because it said so
1444-05-02 14:49:46 +0000  Processing step: IDEDistributionGenerateProcessedDistributionItems
1444-05-02 14:49:46 +0000  IDEDistributionItem init <DVTFilePath:0x7fecb78f1520:'/var/folders/gh/4qn86l115870rx3nydjgp_rr0000gp/T/XcodeDistPipeline.~~~Fg28Eh/Root/Payload/sneakersUri.app'>
1444-05-02 14:49:46 +0000  Processing step: IDEDistributionCreateManifestStep
